2024-05-26 18:31:16,026 - DEBUG - # _do_auth(): self._auth_plugin: 
2024-05-26 18:31:16,027 - INFO - package: mysql.connector.plugins
2024-05-26 18:31:16,027 - INFO - plugin_name: mysql_native_password
2024-05-26 18:31:16,031 - INFO - AUTHENTICATION_PLUGIN_CLASS: MySQLNativePasswordAuthPlugin
2024-05-26 18:31:16,032 - DEBUG - new_auth_plugin: mysql_native_password
2024-05-26 18:31:16,033 - INFO - Successfully connected to the database with mysql.connector
2024-05-26 18:31:16,038 - DEBUG - Episode 1: Selected cuisines: [6, 7, 4, 17, 2, 15, 18, 8, 1, 4]
2024-05-26 18:31:16,038 - DEBUG - Episode 1: Valid recipes for cuisine 6: [(38, 6), (55, 6)]
2024-05-26 18:31:16,039 - DEBUG - Episode 1: Valid recipes for cuisine 7: [(5, 7), (9, 7), (12, 7), (15, 7), (18, 7), (19, 7), (21, 7), (24, 7), (26, 7), (27, 7), (29, 7), (32, 7), (34, 7), (40, 7), (42, 7), (56, 7), (64, 7), (75, 7), (79, 7)]
2024-05-26 18:31:16,039 - DEBUG - Episode 1: Valid recipes for cuisine 4: [(2, 4)]
2024-05-26 18:31:16,040 - DEBUG - Episode 1: Valid recipes for cuisine 17: []
2024-05-26 18:31:16,040 - WARNING - No recipes found for cuisine ID: 17
2024-05-26 18:31:16,041 - DEBUG - Episode 1: Valid recipes for cuisine 2: [(6, 2), (13, 2), (20, 2), (35, 2), (37, 2), (39, 2), (43, 2), (47, 2), (53, 2), (57, 2), (58, 2), (63, 2), (68, 2), (71, 2), (72, 2), (83, 2)]
2024-05-26 18:31:16,041 - DEBUG - Episode 1: Valid recipes for cuisine 15: []
2024-05-26 18:31:16,042 - WARNING - No recipes found for cuisine ID: 15
2024-05-26 18:31:16,042 - DEBUG - Episode 1: Valid recipes for cuisine 18: []
2024-05-26 18:31:16,042 - WARNING - No recipes found for cuisine ID: 18
2024-05-26 18:31:16,042 - DEBUG - Episode 1: Valid recipes for cuisine 8: [(85, 8)]
2024-05-26 18:31:16,042 - DEBUG - Episode 1: Valid recipes for cuisine 1: [(22, 1), (62, 1)]
2024-05-26 18:31:16,043 - DEBUG - Episode 1: Valid recipes for cuisine 4: [(2, 4)]
2024-05-26 18:31:16,043 - DEBUG - Episode 1: Selected recipes: [55, 56, 2, 63, 85, 62, 2]
2024-05-26 18:31:16,043 - DEBUG - Episode 1: Valid cooks for cuisine 6: [(5, 6), (9, 6), (18, 6), (24, 6), (28, 6), (38, 6), (42, 6), (49, 6)]
2024-05-26 18:31:16,043 - DEBUG - Episode 1: Valid cooks for cuisine 7: [(6, 7), (13, 7), (21, 7), (27, 7), (36, 7), (42, 7), (46, 7)]
2024-05-26 18:31:16,044 - DEBUG - Episode 1: Valid cooks for cuisine 4: [(7, 4), (13, 4), (20, 4), (25, 4), (31, 4), (40, 4), (48, 4)]
2024-05-26 18:31:16,044 - DEBUG - Episode 1: Valid cooks for cuisine 17: [(9, 17), (18, 17), (24, 17), (34, 17)]
2024-05-26 18:31:16,044 - DEBUG - Episode 1: Valid cooks for cuisine 2: [(1, 2), (10, 2), (15, 2), (22, 2), (30, 2), (36, 2), (45, 2), (49, 2)]
2024-05-26 18:31:16,044 - DEBUG - Episode 1: Valid cooks for cuisine 15: [(7, 15), (12, 15), (21, 15), (26, 15), (32, 15), (38, 15), (46, 15)]
2024-05-26 18:31:16,044 - DEBUG - Episode 1: Valid cooks for cuisine 18: [(5, 18), (17, 18), (23, 18), (33, 18), (37, 18), (43, 18), (48, 18)]
2024-05-26 18:31:16,045 - DEBUG - Episode 1: Valid cooks for cuisine 8: [(11, 8), (25, 8), (30, 8), (33, 8), (39, 8), (43, 8), (50, 8)]
2024-05-26 18:31:16,045 - DEBUG - Episode 1: Valid cooks for cuisine 1: [(3, 1), (6, 1), (12, 1), (19, 1), (23, 1), (31, 1), (34, 1), (43, 1)]
2024-05-26 18:31:16,045 - DEBUG - Episode 1: Valid cooks for cuisine 4: [(7, 4), (13, 4), (20, 4), (25, 4), (31, 4), (40, 4), (48, 4)]
2024-05-26 18:31:16,046 - DEBUG - Episode 1: Selected cooks: [49, 6, 48, 9, 30, 12, 23, 25, 43, 40]
2024-05-26 18:31:16,062 - INFO - Episode 1 for season 5 created successfully.
2024-05-26 18:31:16,063 - DEBUG - Episode 2: Selected cuisines: [9, 11, 10, 3, 6, 15, 12, 9, 4, 14]
2024-05-26 18:31:16,063 - DEBUG - Episode 2: Valid recipes for cuisine 9: [(1, 9), (10, 9), (16, 9), (23, 9), (28, 9), (48, 9), (50, 9), (51, 9), (52, 9), (60, 9), (65, 9), (66, 9), (67, 9), (69, 9), (70, 9), (74, 9), (77, 9), (78, 9), (80, 9), (86, 9)]
2024-05-26 18:31:16,064 - DEBUG - Episode 2: Valid recipes for cuisine 11: [(11, 11), (49, 11)]
2024-05-26 18:31:16,064 - DEBUG - Episode 2: Valid recipes for cuisine 10: [(8, 10), (17, 10), (31, 10)]
2024-05-26 18:31:16,065 - DEBUG - Episode 2: Valid recipes for cuisine 3: [(59, 3), (81, 3)]
2024-05-26 18:31:16,065 - DEBUG - Episode 2: Valid recipes for cuisine 6: [(38, 6), (55, 6)]
2024-05-26 18:31:16,065 - DEBUG - Episode 2: Valid recipes for cuisine 15: []
2024-05-26 18:31:16,065 - WARNING - No recipes found for cuisine ID: 15
2024-05-26 18:31:16,066 - DEBUG - Episode 2: Valid recipes for cuisine 12: []
2024-05-26 18:31:16,066 - WARNING - No recipes found for cuisine ID: 12
2024-05-26 18:31:16,066 - DEBUG - Episode 2: Valid recipes for cuisine 9: [(1, 9), (10, 9), (16, 9), (23, 9), (28, 9), (48, 9), (50, 9), (51, 9), (52, 9), (60, 9), (65, 9), (66, 9), (67, 9), (69, 9), (70, 9), (74, 9), (77, 9), (78, 9), (80, 9), (86, 9)]
2024-05-26 18:31:16,066 - DEBUG - Episode 2: Valid recipes for cuisine 4: [(2, 4)]
2024-05-26 18:31:16,066 - DEBUG - Episode 2: Valid recipes for cuisine 14: []
2024-05-26 18:31:16,067 - WARNING - No recipes found for cuisine ID: 14
2024-05-26 18:31:16,067 - DEBUG - Episode 2: Selected recipes: [69, 49, 8, 59, 38, 69, 2]
2024-05-26 18:31:16,067 - DEBUG - Episode 2: Valid cooks for cuisine 9: [(1, 9), (10, 9), (15, 9), (21, 9), (29, 9), (37, 9), (46, 9), (51, 9)]
2024-05-26 18:31:16,067 - DEBUG - Episode 2: Valid cooks for cuisine 11: [(13, 11), (16, 11), (22, 11), (29, 11), (36, 11), (41, 11), (50, 11)]
2024-05-26 18:31:16,067 - DEBUG - Episode 2: Valid cooks for cuisine 10: [(2, 10), (8, 10), (14, 10), (26, 10), (33, 10), (37, 10), (44, 10), (50, 10)]
2024-05-26 18:31:16,068 - DEBUG - Episode 2: Valid cooks for cuisine 3: [(2, 3), (11, 3), (17, 3), (26, 3), (32, 3), (38, 3), (45, 3), (51, 3)]
2024-05-26 18:31:16,068 - DEBUG - Episode 2: Valid cooks for cuisine 6: [(5, 6), (9, 6), (18, 6), (24, 6), (28, 6), (38, 6), (42, 6), (49, 6)]
2024-05-26 18:31:16,068 - DEBUG - Episode 2: Valid cooks for cuisine 15: [(7, 15), (12, 15), (21, 15), (26, 15), (32, 15), (38, 15), (46, 15)]
2024-05-26 18:31:16,069 - DEBUG - Episode 2: Valid cooks for cuisine 12: [(4, 12), (8, 12), (19, 12), (25, 12), (32, 12), (40, 12), (44, 12)]
2024-05-26 18:31:16,069 - DEBUG - Episode 2: Valid cooks for cuisine 9: [(1, 9), (10, 9), (15, 9), (21, 9), (29, 9), (37, 9), (46, 9), (51, 9)]
2024-05-26 18:31:16,070 - DEBUG - Episode 2: Valid cooks for cuisine 4: [(7, 4), (13, 4), (20, 4), (25, 4), (31, 4), (40, 4), (48, 4)]
2024-05-26 18:31:16,070 - DEBUG - Episode 2: Valid cooks for cuisine 14: [(5, 14), (11, 14), (31, 14), (39, 14), (47, 14)]
2024-05-26 18:31:16,070 - DEBUG - Episode 2: Selected cooks: [37, 22, 14, 2, 9, 38, 4, 21, 40, 5]
2024-05-26 18:31:16,080 - INFO - Episode 2 for season 5 created successfully.
2024-05-26 18:31:16,081 - DEBUG - Episode 3: Selected cuisines: [5, 8, 13, 19, 17, 2, 20, 1, 12, 3]
2024-05-26 18:31:16,081 - DEBUG - Episode 3: Valid recipes for cuisine 5: [(3, 5), (4, 5), (7, 5), (14, 5), (25, 5), (30, 5), (33, 5), (36, 5), (41, 5), (44, 5), (45, 5), (46, 5), (54, 5), (61, 5), (73, 5), (76, 5), (82, 5), (84, 5)]
2024-05-26 18:31:16,081 - DEBUG - Episode 3: Valid recipes for cuisine 8: [(85, 8)]
2024-05-26 18:31:16,082 - DEBUG - Episode 3: Valid recipes for cuisine 13: []
2024-05-26 18:31:16,082 - WARNING - No recipes found for cuisine ID: 13
2024-05-26 18:31:16,082 - DEBUG - Episode 3: Valid recipes for cuisine 19: []
2024-05-26 18:31:16,082 - WARNING - No recipes found for cuisine ID: 19
2024-05-26 18:31:16,082 - DEBUG - Episode 3: Valid recipes for cuisine 17: []
2024-05-26 18:31:16,082 - WARNING - No recipes found for cuisine ID: 17
2024-05-26 18:31:16,083 - DEBUG - Episode 3: Valid recipes for cuisine 2: [(6, 2), (13, 2), (20, 2), (35, 2), (37, 2), (39, 2), (43, 2), (47, 2), (53, 2), (57, 2), (58, 2), (63, 2), (68, 2), (71, 2), (72, 2), (83, 2)]
2024-05-26 18:31:16,083 - DEBUG - Episode 3: Valid recipes for cuisine 20: []
2024-05-26 18:31:16,083 - WARNING - No recipes found for cuisine ID: 20
2024-05-26 18:31:16,083 - DEBUG - Episode 3: Valid recipes for cuisine 1: [(22, 1), (62, 1)]
2024-05-26 18:31:16,084 - DEBUG - Episode 3: Valid recipes for cuisine 12: []
2024-05-26 18:31:16,084 - WARNING - No recipes found for cuisine ID: 12
2024-05-26 18:31:16,084 - DEBUG - Episode 3: Valid recipes for cuisine 3: [(59, 3), (81, 3)]
2024-05-26 18:31:16,084 - DEBUG - Episode 3: Selected recipes: [82, 85, 68, 22, 59]
2024-05-26 18:31:16,084 - DEBUG - Episode 3: Valid cooks for cuisine 5: [(4, 5), (9, 5), (16, 5), (23, 5), (29, 5), (35, 5), (41, 5), (47, 5)]
2024-05-26 18:31:16,085 - DEBUG - Episode 3: Valid cooks for cuisine 8: [(11, 8), (25, 8), (30, 8), (33, 8), (39, 8), (43, 8), (50, 8)]
2024-05-26 18:31:16,085 - DEBUG - Episode 3: Valid cooks for cuisine 13: [(1, 13), (16, 13), (24, 13), (28, 13), (41, 13), (45, 13), (51, 13)]
2024-05-26 18:31:16,085 - DEBUG - Episode 3: Valid cooks for cuisine 19: [(3, 19), (6, 19), (14, 19), (27, 19), (30, 19), (35, 19), (42, 19)]
2024-05-26 18:31:16,085 - DEBUG - Episode 3: Valid cooks for cuisine 17: [(9, 17), (18, 17), (24, 17), (34, 17)]
2024-05-26 18:31:16,085 - DEBUG - Episode 3: Valid cooks for cuisine 2: [(1, 2), (10, 2), (15, 2), (22, 2), (30, 2), (36, 2), (45, 2), (49, 2)]
2024-05-26 18:31:16,086 - DEBUG - Episode 3: Valid cooks for cuisine 20: []
2024-05-26 18:31:16,086 - WARNING - No cooks found with expertise in cuisine ID: 20
2024-05-26 18:31:16,086 - DEBUG - Episode 3: Valid cooks for cuisine 1: [(3, 1), (6, 1), (12, 1), (19, 1), (23, 1), (31, 1), (34, 1), (43, 1)]
2024-05-26 18:31:16,086 - DEBUG - Episode 3: Valid cooks for cuisine 12: [(4, 12), (8, 12), (19, 12), (25, 12), (32, 12), (40, 12), (44, 12)]
2024-05-26 18:31:16,086 - DEBUG - Episode 3: Valid cooks for cuisine 3: [(2, 3), (11, 3), (17, 3), (26, 3), (32, 3), (38, 3), (45, 3), (51, 3)]
2024-05-26 18:31:16,087 - DEBUG - Episode 3: Selected cooks: [16, 50, 45, 42, 9, 45, 23, 32, 38]
2024-05-26 18:31:16,095 - INFO - Episode 3 for season 5 created successfully.
2024-05-26 18:31:16,096 - DEBUG - Episode 4: Selected cuisines: [18, 15, 7, 1, 4, 13, 14, 2, 19, 9]
2024-05-26 18:31:16,096 - DEBUG - Episode 4: Valid recipes for cuisine 18: []
2024-05-26 18:31:16,096 - WARNING - No recipes found for cuisine ID: 18
2024-05-26 18:31:16,096 - DEBUG - Episode 4: Valid recipes for cuisine 15: []
2024-05-26 18:31:16,097 - WARNING - No recipes found for cuisine ID: 15
2024-05-26 18:31:16,097 - DEBUG - Episode 4: Valid recipes for cuisine 7: [(5, 7), (9, 7), (12, 7), (15, 7), (18, 7), (19, 7), (21, 7), (24, 7), (26, 7), (27, 7), (29, 7), (32, 7), (34, 7), (40, 7), (42, 7), (56, 7), (64, 7), (75, 7), (79, 7)]
2024-05-26 18:31:16,098 - DEBUG - Episode 4: Valid recipes for cuisine 1: [(22, 1), (62, 1)]
2024-05-26 18:31:16,098 - DEBUG - Episode 4: Valid recipes for cuisine 4: [(2, 4)]
2024-05-26 18:31:16,098 - DEBUG - Episode 4: Valid recipes for cuisine 13: []
2024-05-26 18:31:16,099 - WARNING - No recipes found for cuisine ID: 13
2024-05-26 18:31:16,099 - DEBUG - Episode 4: Valid recipes for cuisine 14: []
2024-05-26 18:31:16,099 - WARNING - No recipes found for cuisine ID: 14
2024-05-26 18:31:16,099 - DEBUG - Episode 4: Valid recipes for cuisine 2: [(6, 2), (13, 2), (20, 2), (35, 2), (37, 2), (39, 2), (43, 2), (47, 2), (53, 2), (57, 2), (58, 2), (63, 2), (68, 2), (71, 2), (72, 2), (83, 2)]
2024-05-26 18:31:16,100 - DEBUG - Episode 4: Valid recipes for cuisine 19: []
2024-05-26 18:31:16,100 - WARNING - No recipes found for cuisine ID: 19
2024-05-26 18:31:16,100 - DEBUG - Episode 4: Valid recipes for cuisine 9: [(1, 9), (10, 9), (16, 9), (23, 9), (28, 9), (48, 9), (50, 9), (51, 9), (52, 9), (60, 9), (65, 9), (66, 9), (67, 9), (69, 9), (70, 9), (74, 9), (77, 9), (78, 9), (80, 9), (86, 9)]
2024-05-26 18:31:16,101 - DEBUG - Episode 4: Selected recipes: [56, 62, 2, 71, 74]
2024-05-26 18:31:16,101 - DEBUG - Episode 4: Valid cooks for cuisine 18: [(5, 18), (17, 18), (23, 18), (33, 18), (37, 18), (43, 18), (48, 18)]
2024-05-26 18:31:16,101 - DEBUG - Episode 4: Valid cooks for cuisine 15: [(7, 15), (12, 15), (21, 15), (26, 15), (32, 15), (38, 15), (46, 15)]
2024-05-26 18:31:16,102 - DEBUG - Episode 4: Valid cooks for cuisine 7: [(6, 7), (13, 7), (21, 7), (27, 7), (36, 7), (42, 7), (46, 7)]
2024-05-26 18:31:16,102 - DEBUG - Episode 4: Valid cooks for cuisine 1: [(3, 1), (6, 1), (12, 1), (19, 1), (23, 1), (31, 1), (34, 1), (43, 1)]
2024-05-26 18:31:16,102 - DEBUG - Episode 4: Valid cooks for cuisine 4: [(7, 4), (13, 4), (20, 4), (25, 4), (31, 4), (40, 4), (48, 4)]
2024-05-26 18:31:16,102 - DEBUG - Episode 4: Valid cooks for cuisine 13: [(1, 13), (16, 13), (24, 13), (28, 13), (41, 13), (45, 13), (51, 13)]
2024-05-26 18:31:16,103 - DEBUG - Episode 4: Valid cooks for cuisine 14: [(5, 14), (11, 14), (31, 14), (39, 14), (47, 14)]
2024-05-26 18:31:16,103 - DEBUG - Episode 4: Valid cooks for cuisine 2: [(1, 2), (10, 2), (15, 2), (22, 2), (30, 2), (36, 2), (45, 2), (49, 2)]
2024-05-26 18:31:16,103 - DEBUG - Episode 4: Valid cooks for cuisine 19: [(3, 19), (6, 19), (14, 19), (27, 19), (30, 19), (35, 19), (42, 19)]
2024-05-26 18:31:16,104 - DEBUG - Episode 4: Valid cooks for cuisine 9: [(1, 9), (10, 9), (15, 9), (21, 9), (29, 9), (37, 9), (46, 9), (51, 9)]
2024-05-26 18:31:16,104 - DEBUG - Episode 4: Selected cooks: [23, 46, 42, 31, 20, 51, 31, 15, 27, 21]
2024-05-26 18:31:16,119 - INFO - Episode 4 for season 5 created successfully.
2024-05-26 18:31:16,119 - DEBUG - Episode 5: Selected cuisines: [2, 13, 7, 19, 9, 13, 18, 14, 18, 6]
2024-05-26 18:31:16,120 - DEBUG - Episode 5: Valid recipes for cuisine 2: [(6, 2), (13, 2), (20, 2), (35, 2), (37, 2), (39, 2), (43, 2), (47, 2), (53, 2), (57, 2), (58, 2), (63, 2), (68, 2), (71, 2), (72, 2), (83, 2)]
2024-05-26 18:31:16,120 - DEBUG - Episode 5: Valid recipes for cuisine 13: []
2024-05-26 18:31:16,120 - WARNING - No recipes found for cuisine ID: 13
2024-05-26 18:31:16,120 - DEBUG - Episode 5: Valid recipes for cuisine 7: [(5, 7), (9, 7), (12, 7), (15, 7), (18, 7), (19, 7), (21, 7), (24, 7), (26, 7), (27, 7), (29, 7), (32, 7), (34, 7), (40, 7), (42, 7), (56, 7), (64, 7), (75, 7), (79, 7)]
2024-05-26 18:31:16,121 - DEBUG - Episode 5: Valid recipes for cuisine 19: []
2024-05-26 18:31:16,121 - WARNING - No recipes found for cuisine ID: 19
2024-05-26 18:31:16,121 - DEBUG - Episode 5: Valid recipes for cuisine 9: [(1, 9), (10, 9), (16, 9), (23, 9), (28, 9), (48, 9), (50, 9), (51, 9), (52, 9), (60, 9), (65, 9), (66, 9), (67, 9), (69, 9), (70, 9), (74, 9), (77, 9), (78, 9), (80, 9), (86, 9)]
2024-05-26 18:31:16,122 - DEBUG - Episode 5: Valid recipes for cuisine 13: []
2024-05-26 18:31:16,122 - WARNING - No recipes found for cuisine ID: 13
2024-05-26 18:31:16,122 - DEBUG - Episode 5: Valid recipes for cuisine 18: []
2024-05-26 18:31:16,122 - WARNING - No recipes found for cuisine ID: 18
2024-05-26 18:31:16,123 - DEBUG - Episode 5: Valid recipes for cuisine 14: []
2024-05-26 18:31:16,123 - WARNING - No recipes found for cuisine ID: 14
2024-05-26 18:31:16,123 - DEBUG - Episode 5: Valid recipes for cuisine 18: []
2024-05-26 18:31:16,123 - WARNING - No recipes found for cuisine ID: 18
2024-05-26 18:31:16,123 - DEBUG - Episode 5: Valid recipes for cuisine 6: [(38, 6), (55, 6)]
2024-05-26 18:31:16,124 - DEBUG - Episode 5: Selected recipes: [6, 32, 28, 55]
2024-05-26 18:31:16,124 - DEBUG - Episode 5: Valid cooks for cuisine 2: [(1, 2), (10, 2), (15, 2), (22, 2), (30, 2), (36, 2), (45, 2), (49, 2)]
2024-05-26 18:31:16,124 - DEBUG - Episode 5: Valid cooks for cuisine 13: [(1, 13), (16, 13), (24, 13), (28, 13), (41, 13), (45, 13), (51, 13)]
2024-05-26 18:31:16,124 - DEBUG - Episode 5: Valid cooks for cuisine 7: [(6, 7), (13, 7), (21, 7), (27, 7), (36, 7), (42, 7), (46, 7)]
2024-05-26 18:31:16,125 - DEBUG - Episode 5: Valid cooks for cuisine 19: [(3, 19), (6, 19), (14, 19), (27, 19), (30, 19), (35, 19), (42, 19)]
2024-05-26 18:31:16,125 - DEBUG - Episode 5: Valid cooks for cuisine 9: [(1, 9), (10, 9), (15, 9), (21, 9), (29, 9), (37, 9), (46, 9), (51, 9)]
2024-05-26 18:31:16,125 - DEBUG - Episode 5: Valid cooks for cuisine 13: [(1, 13), (16, 13), (24, 13), (28, 13), (41, 13), (45, 13), (51, 13)]
2024-05-26 18:31:16,125 - DEBUG - Episode 5: Valid cooks for cuisine 18: [(5, 18), (17, 18), (23, 18), (33, 18), (37, 18), (43, 18), (48, 18)]
2024-05-26 18:31:16,126 - DEBUG - Episode 5: Valid cooks for cuisine 14: [(5, 14), (11, 14), (31, 14), (39, 14), (47, 14)]
2024-05-26 18:31:16,126 - DEBUG - Episode 5: Valid cooks for cuisine 18: [(5, 18), (17, 18), (23, 18), (33, 18), (37, 18), (43, 18), (48, 18)]
2024-05-26 18:31:16,127 - DEBUG - Episode 5: Valid cooks for cuisine 6: [(5, 6), (9, 6), (18, 6), (24, 6), (28, 6), (38, 6), (42, 6), (49, 6)]
2024-05-26 18:31:16,127 - DEBUG - Episode 5: Selected cooks: [30, 51, 6, 35, 51, 1, 48, 5, 37, 49]
2024-05-26 18:31:16,136 - INFO - Episode 5 for season 5 created successfully.
2024-05-26 18:31:16,136 - DEBUG - Episode 6: Selected cuisines: [10, 11, 9, 9, 18, 20, 6, 17, 10, 16]
2024-05-26 18:31:16,136 - DEBUG - Episode 6: Valid recipes for cuisine 10: [(8, 10), (17, 10), (31, 10)]
2024-05-26 18:31:16,137 - DEBUG - Episode 6: Valid recipes for cuisine 11: [(11, 11), (49, 11)]
2024-05-26 18:31:16,137 - DEBUG - Episode 6: Valid recipes for cuisine 9: [(1, 9), (10, 9), (16, 9), (23, 9), (28, 9), (48, 9), (50, 9), (51, 9), (52, 9), (60, 9), (65, 9), (66, 9), (67, 9), (69, 9), (70, 9), (74, 9), (77, 9), (78, 9), (80, 9), (86, 9)]
2024-05-26 18:31:16,137 - DEBUG - Episode 6: Valid recipes for cuisine 9: [(1, 9), (10, 9), (16, 9), (23, 9), (28, 9), (48, 9), (50, 9), (51, 9), (52, 9), (60, 9), (65, 9), (66, 9), (67, 9), (69, 9), (70, 9), (74, 9), (77, 9), (78, 9), (80, 9), (86, 9)]
2024-05-26 18:31:16,138 - DEBUG - Episode 6: Valid recipes for cuisine 18: []
2024-05-26 18:31:16,138 - WARNING - No recipes found for cuisine ID: 18
2024-05-26 18:31:16,138 - DEBUG - Episode 6: Valid recipes for cuisine 20: []
2024-05-26 18:31:16,138 - WARNING - No recipes found for cuisine ID: 20
2024-05-26 18:31:16,138 - DEBUG - Episode 6: Valid recipes for cuisine 6: [(38, 6), (55, 6)]
2024-05-26 18:31:16,139 - DEBUG - Episode 6: Valid recipes for cuisine 17: []
2024-05-26 18:31:16,139 - WARNING - No recipes found for cuisine ID: 17
2024-05-26 18:31:16,139 - DEBUG - Episode 6: Valid recipes for cuisine 10: [(8, 10), (17, 10), (31, 10)]
2024-05-26 18:31:16,139 - DEBUG - Episode 6: Valid recipes for cuisine 16: []
2024-05-26 18:31:16,140 - WARNING - No recipes found for cuisine ID: 16
2024-05-26 18:31:16,140 - DEBUG - Episode 6: Selected recipes: [31, 49, 28, 10, 55, 31]
2024-05-26 18:31:16,140 - DEBUG - Episode 6: Valid cooks for cuisine 10: [(2, 10), (8, 10), (14, 10), (26, 10), (33, 10), (37, 10), (44, 10), (50, 10)]
2024-05-26 18:31:16,140 - DEBUG - Episode 6: Valid cooks for cuisine 11: [(13, 11), (16, 11), (22, 11), (29, 11), (36, 11), (41, 11), (50, 11)]
2024-05-26 18:31:16,141 - DEBUG - Episode 6: Valid cooks for cuisine 9: [(1, 9), (10, 9), (15, 9), (21, 9), (29, 9), (37, 9), (46, 9), (51, 9)]
2024-05-26 18:31:16,141 - DEBUG - Episode 6: Valid cooks for cuisine 9: [(1, 9), (10, 9), (15, 9), (21, 9), (29, 9), (37, 9), (46, 9), (51, 9)]
2024-05-26 18:31:16,141 - DEBUG - Episode 6: Valid cooks for cuisine 18: [(5, 18), (17, 18), (23, 18), (33, 18), (37, 18), (43, 18), (48, 18)]
2024-05-26 18:31:16,141 - DEBUG - Episode 6: Valid cooks for cuisine 20: []
2024-05-26 18:31:16,142 - WARNING - No cooks found with expertise in cuisine ID: 20
2024-05-26 18:31:16,142 - DEBUG - Episode 6: Valid cooks for cuisine 6: [(5, 6), (9, 6), (18, 6), (24, 6), (28, 6), (38, 6), (42, 6), (49, 6)]
2024-05-26 18:31:16,142 - DEBUG - Episode 6: Valid cooks for cuisine 17: [(9, 17), (18, 17), (24, 17), (34, 17)]
2024-05-26 18:31:16,143 - DEBUG - Episode 6: Valid cooks for cuisine 10: [(2, 10), (8, 10), (14, 10), (26, 10), (33, 10), (37, 10), (44, 10), (50, 10)]
2024-05-26 18:31:16,143 - DEBUG - Episode 6: Valid cooks for cuisine 16: [(2, 16), (12, 16), (20, 16), (27, 16), (40, 16), (47, 16)]
2024-05-26 18:31:16,143 - DEBUG - Episode 6: Selected cooks: [33, 50, 29, 10, 37, 28, 18, 37, 40]
2024-05-26 18:31:16,153 - INFO - Episode 6 for season 5 created successfully.
2024-05-26 18:31:16,153 - DEBUG - Episode 7: Selected cuisines: [9, 9, 19, 12, 14, 19, 14, 14, 10, 15]
2024-05-26 18:31:16,153 - DEBUG - Episode 7: Valid recipes for cuisine 9: [(1, 9), (10, 9), (16, 9), (23, 9), (28, 9), (48, 9), (50, 9), (51, 9), (52, 9), (60, 9), (65, 9), (66, 9), (67, 9), (69, 9), (70, 9), (74, 9), (77, 9), (78, 9), (80, 9), (86, 9)]
2024-05-26 18:31:16,154 - DEBUG - Episode 7: Valid recipes for cuisine 9: [(1, 9), (10, 9), (16, 9), (23, 9), (28, 9), (48, 9), (50, 9), (51, 9), (52, 9), (60, 9), (65, 9), (66, 9), (67, 9), (69, 9), (70, 9), (74, 9), (77, 9), (78, 9), (80, 9), (86, 9)]
2024-05-26 18:31:16,154 - DEBUG - Episode 7: Valid recipes for cuisine 19: []
2024-05-26 18:31:16,155 - WARNING - No recipes found for cuisine ID: 19
2024-05-26 18:31:16,155 - DEBUG - Episode 7: Valid recipes for cuisine 12: []
2024-05-26 18:31:16,155 - WARNING - No recipes found for cuisine ID: 12
2024-05-26 18:31:16,155 - DEBUG - Episode 7: Valid recipes for cuisine 14: []
2024-05-26 18:31:16,155 - WARNING - No recipes found for cuisine ID: 14
2024-05-26 18:31:16,156 - DEBUG - Episode 7: Valid recipes for cuisine 19: []
2024-05-26 18:31:16,156 - WARNING - No recipes found for cuisine ID: 19
2024-05-26 18:31:16,156 - DEBUG - Episode 7: Valid recipes for cuisine 14: []
2024-05-26 18:31:16,156 - WARNING - No recipes found for cuisine ID: 14
2024-05-26 18:31:16,157 - DEBUG - Episode 7: Valid recipes for cuisine 14: []
2024-05-26 18:31:16,157 - WARNING - No recipes found for cuisine ID: 14
2024-05-26 18:31:16,157 - DEBUG - Episode 7: Valid recipes for cuisine 10: [(8, 10), (17, 10), (31, 10)]
2024-05-26 18:31:16,157 - DEBUG - Episode 7: Valid recipes for cuisine 15: []
2024-05-26 18:31:16,158 - WARNING - No recipes found for cuisine ID: 15
2024-05-26 18:31:16,158 - DEBUG - Episode 7: Selected recipes: [69, 51, 17]
2024-05-26 18:31:16,158 - DEBUG - Episode 7: Valid cooks for cuisine 9: [(1, 9), (10, 9), (15, 9), (21, 9), (29, 9), (37, 9), (46, 9), (51, 9)]
2024-05-26 18:31:16,158 - DEBUG - Episode 7: Valid cooks for cuisine 9: [(1, 9), (10, 9), (15, 9), (21, 9), (29, 9), (37, 9), (46, 9), (51, 9)]
2024-05-26 18:31:16,159 - DEBUG - Episode 7: Valid cooks for cuisine 19: [(3, 19), (6, 19), (14, 19), (27, 19), (30, 19), (35, 19), (42, 19)]
2024-05-26 18:31:16,159 - DEBUG - Episode 7: Valid cooks for cuisine 12: [(4, 12), (8, 12), (19, 12), (25, 12), (32, 12), (40, 12), (44, 12)]
2024-05-26 18:31:16,159 - DEBUG - Episode 7: Valid cooks for cuisine 14: [(5, 14), (11, 14), (31, 14), (39, 14), (47, 14)]
2024-05-26 18:31:16,159 - DEBUG - Episode 7: Valid cooks for cuisine 19: [(3, 19), (6, 19), (14, 19), (27, 19), (30, 19), (35, 19), (42, 19)]
2024-05-26 18:31:16,160 - DEBUG - Episode 7: Valid cooks for cuisine 14: [(5, 14), (11, 14), (31, 14), (39, 14), (47, 14)]
2024-05-26 18:31:16,160 - DEBUG - Episode 7: Valid cooks for cuisine 14: [(5, 14), (11, 14), (31, 14), (39, 14), (47, 14)]
2024-05-26 18:31:16,160 - DEBUG - Episode 7: Valid cooks for cuisine 10: [(2, 10), (8, 10), (14, 10), (26, 10), (33, 10), (37, 10), (44, 10), (50, 10)]
2024-05-26 18:31:16,160 - DEBUG - Episode 7: Valid cooks for cuisine 15: [(7, 15), (12, 15), (21, 15), (26, 15), (32, 15), (38, 15), (46, 15)]
2024-05-26 18:31:16,161 - DEBUG - Episode 7: Selected cooks: [10, 10, 42, 40, 39, 14, 39, 39, 50, 12]
2024-05-26 18:31:16,166 - ERROR - Error while creating episode 7 for season 5: 1062 (23000): Duplicate entry '47-10' for key 'PRIMARY'
2024-05-26 18:31:16,166 - DEBUG - Episode 8: Selected cuisines: [6, 7, 5, 13, 6, 13, 20, 7, 6, 19]
2024-05-26 18:31:16,166 - DEBUG - Episode 8: Valid recipes for cuisine 6: [(38, 6), (55, 6)]
2024-05-26 18:31:16,167 - DEBUG - Episode 8: Valid recipes for cuisine 7: [(5, 7), (9, 7), (12, 7), (15, 7), (18, 7), (19, 7), (21, 7), (24, 7), (26, 7), (27, 7), (29, 7), (32, 7), (34, 7), (40, 7), (42, 7), (56, 7), (64, 7), (75, 7), (79, 7)]
2024-05-26 18:31:16,167 - DEBUG - Episode 8: Valid recipes for cuisine 5: [(3, 5), (4, 5), (7, 5), (14, 5), (25, 5), (30, 5), (33, 5), (36, 5), (41, 5), (44, 5), (45, 5), (46, 5), (54, 5), (61, 5), (73, 5), (76, 5), (82, 5), (84, 5)]
2024-05-26 18:31:16,167 - DEBUG - Episode 8: Valid recipes for cuisine 13: []
2024-05-26 18:31:16,168 - WARNING - No recipes found for cuisine ID: 13
2024-05-26 18:31:16,168 - DEBUG - Episode 8: Valid recipes for cuisine 6: [(38, 6), (55, 6)]
2024-05-26 18:31:16,168 - DEBUG - Episode 8: Valid recipes for cuisine 13: []
2024-05-26 18:31:16,168 - WARNING - No recipes found for cuisine ID: 13
2024-05-26 18:31:16,169 - DEBUG - Episode 8: Valid recipes for cuisine 20: []
2024-05-26 18:31:16,169 - WARNING - No recipes found for cuisine ID: 20
2024-05-26 18:31:16,169 - DEBUG - Episode 8: Valid recipes for cuisine 7: [(5, 7), (9, 7), (12, 7), (15, 7), (18, 7), (19, 7), (21, 7), (24, 7), (26, 7), (27, 7), (29, 7), (32, 7), (34, 7), (40, 7), (42, 7), (56, 7), (64, 7), (75, 7), (79, 7)]
2024-05-26 18:31:16,170 - DEBUG - Episode 8: Valid recipes for cuisine 6: [(38, 6), (55, 6)]
2024-05-26 18:31:16,170 - DEBUG - Episode 8: Valid recipes for cuisine 19: []
2024-05-26 18:31:16,170 - WARNING - No recipes found for cuisine ID: 19
2024-05-26 18:31:16,171 - DEBUG - Episode 8: Selected recipes: [38, 40, 54, 38, 18, 55]
2024-05-26 18:31:16,171 - DEBUG - Episode 8: Valid cooks for cuisine 6: [(5, 6), (9, 6), (18, 6), (24, 6), (28, 6), (38, 6), (42, 6), (49, 6)]
2024-05-26 18:31:16,171 - DEBUG - Episode 8: Valid cooks for cuisine 7: [(6, 7), (13, 7), (21, 7), (27, 7), (36, 7), (42, 7), (46, 7)]
2024-05-26 18:31:16,172 - DEBUG - Episode 8: Valid cooks for cuisine 5: [(4, 5), (9, 5), (16, 5), (23, 5), (29, 5), (35, 5), (41, 5), (47, 5)]
2024-05-26 18:31:16,172 - DEBUG - Episode 8: Valid cooks for cuisine 13: [(1, 13), (16, 13), (24, 13), (28, 13), (41, 13), (45, 13), (51, 13)]
2024-05-26 18:31:16,172 - DEBUG - Episode 8: Valid cooks for cuisine 6: [(5, 6), (9, 6), (18, 6), (24, 6), (28, 6), (38, 6), (42, 6), (49, 6)]
2024-05-26 18:31:16,173 - DEBUG - Episode 8: Valid cooks for cuisine 13: [(1, 13), (16, 13), (24, 13), (28, 13), (41, 13), (45, 13), (51, 13)]
2024-05-26 18:31:16,173 - DEBUG - Episode 8: Valid cooks for cuisine 20: []
2024-05-26 18:31:16,173 - WARNING - No cooks found with expertise in cuisine ID: 20
2024-05-26 18:31:16,173 - DEBUG - Episode 8: Valid cooks for cuisine 7: [(6, 7), (13, 7), (21, 7), (27, 7), (36, 7), (42, 7), (46, 7)]
2024-05-26 18:31:16,174 - DEBUG - Episode 8: Valid cooks for cuisine 6: [(5, 6), (9, 6), (18, 6), (24, 6), (28, 6), (38, 6), (42, 6), (49, 6)]
2024-05-26 18:31:16,174 - DEBUG - Episode 8: Valid cooks for cuisine 19: [(3, 19), (6, 19), (14, 19), (27, 19), (30, 19), (35, 19), (42, 19)]
2024-05-26 18:31:16,174 - DEBUG - Episode 8: Selected cooks: [42, 13, 16, 1, 5, 45, 36, 49, 14]
2024-05-26 18:31:16,182 - INFO - Episode 8 for season 5 created successfully.
2024-05-26 18:31:16,182 - DEBUG - Episode 9: Selected cuisines: [19, 2, 18, 10, 9, 8, 19, 9, 8, 4]
2024-05-26 18:31:16,182 - DEBUG - Episode 9: Valid recipes for cuisine 19: []
2024-05-26 18:31:16,183 - WARNING - No recipes found for cuisine ID: 19
2024-05-26 18:31:16,183 - DEBUG - Episode 9: Valid recipes for cuisine 2: [(6, 2), (13, 2), (20, 2), (35, 2), (37, 2), (39, 2), (43, 2), (47, 2), (53, 2), (57, 2), (58, 2), (63, 2), (68, 2), (71, 2), (72, 2), (83, 2)]
2024-05-26 18:31:16,183 - DEBUG - Episode 9: Valid recipes for cuisine 18: []
2024-05-26 18:31:16,184 - WARNING - No recipes found for cuisine ID: 18
2024-05-26 18:31:16,184 - DEBUG - Episode 9: Valid recipes for cuisine 10: [(8, 10), (17, 10), (31, 10)]
2024-05-26 18:31:16,184 - DEBUG - Episode 9: Valid recipes for cuisine 9: [(1, 9), (10, 9), (16, 9), (23, 9), (28, 9), (48, 9), (50, 9), (51, 9), (52, 9), (60, 9), (65, 9), (66, 9), (67, 9), (69, 9), (70, 9), (74, 9), (77, 9), (78, 9), (80, 9), (86, 9)]
2024-05-26 18:31:16,185 - DEBUG - Episode 9: Valid recipes for cuisine 8: [(85, 8)]
2024-05-26 18:31:16,185 - DEBUG - Episode 9: Valid recipes for cuisine 19: []
2024-05-26 18:31:16,185 - WARNING - No recipes found for cuisine ID: 19
2024-05-26 18:31:16,185 - DEBUG - Episode 9: Valid recipes for cuisine 9: [(1, 9), (10, 9), (16, 9), (23, 9), (28, 9), (48, 9), (50, 9), (51, 9), (52, 9), (60, 9), (65, 9), (66, 9), (67, 9), (69, 9), (70, 9), (74, 9), (77, 9), (78, 9), (80, 9), (86, 9)]
2024-05-26 18:31:16,186 - DEBUG - Episode 9: Valid recipes for cuisine 8: [(85, 8)]
2024-05-26 18:31:16,186 - DEBUG - Episode 9: Valid recipes for cuisine 4: [(2, 4)]
2024-05-26 18:31:16,186 - DEBUG - Episode 9: Selected recipes: [68, 31, 51, 85, 65, 85, 2]
2024-05-26 18:31:16,186 - DEBUG - Episode 9: Valid cooks for cuisine 19: [(3, 19), (6, 19), (14, 19), (27, 19), (30, 19), (35, 19), (42, 19)]
2024-05-26 18:31:16,187 - DEBUG - Episode 9: Valid cooks for cuisine 2: [(1, 2), (10, 2), (15, 2), (22, 2), (30, 2), (36, 2), (45, 2), (49, 2)]
2024-05-26 18:31:16,187 - DEBUG - Episode 9: Valid cooks for cuisine 18: [(5, 18), (17, 18), (23, 18), (33, 18), (37, 18), (43, 18), (48, 18)]
2024-05-26 18:31:16,187 - DEBUG - Episode 9: Valid cooks for cuisine 10: [(2, 10), (8, 10), (14, 10), (26, 10), (33, 10), (37, 10), (44, 10), (50, 10)]
2024-05-26 18:31:16,188 - DEBUG - Episode 9: Valid cooks for cuisine 9: [(1, 9), (10, 9), (15, 9), (21, 9), (29, 9), (37, 9), (46, 9), (51, 9)]
2024-05-26 18:31:16,188 - DEBUG - Episode 9: Valid cooks for cuisine 8: [(11, 8), (25, 8), (30, 8), (33, 8), (39, 8), (43, 8), (50, 8)]
2024-05-26 18:31:16,188 - DEBUG - Episode 9: Valid cooks for cuisine 19: [(3, 19), (6, 19), (14, 19), (27, 19), (30, 19), (35, 19), (42, 19)]
2024-05-26 18:31:16,188 - DEBUG - Episode 9: Valid cooks for cuisine 9: [(1, 9), (10, 9), (15, 9), (21, 9), (29, 9), (37, 9), (46, 9), (51, 9)]
2024-05-26 18:31:16,189 - DEBUG - Episode 9: Valid cooks for cuisine 8: [(11, 8), (25, 8), (30, 8), (33, 8), (39, 8), (43, 8), (50, 8)]
2024-05-26 18:31:16,189 - DEBUG - Episode 9: Valid cooks for cuisine 4: [(7, 4), (13, 4), (20, 4), (25, 4), (31, 4), (40, 4), (48, 4)]
2024-05-26 18:31:16,189 - DEBUG - Episode 9: Selected cooks: [6, 49, 43, 2, 15, 39, 14, 51, 33, 13]
2024-05-26 18:31:16,197 - INFO - Episode 9 for season 5 created successfully.
2024-05-26 18:31:16,198 - DEBUG - Episode 10: Selected cuisines: [9, 9, 15, 8, 14, 9, 14, 5, 16, 8]
2024-05-26 18:31:16,198 - DEBUG - Episode 10: Valid recipes for cuisine 9: [(1, 9), (10, 9), (16, 9), (23, 9), (28, 9), (48, 9), (50, 9), (51, 9), (52, 9), (60, 9), (65, 9), (66, 9), (67, 9), (69, 9), (70, 9), (74, 9), (77, 9), (78, 9), (80, 9), (86, 9)]
2024-05-26 18:31:16,199 - DEBUG - Episode 10: Valid recipes for cuisine 9: [(1, 9), (10, 9), (16, 9), (23, 9), (28, 9), (48, 9), (50, 9), (51, 9), (52, 9), (60, 9), (65, 9), (66, 9), (67, 9), (69, 9), (70, 9), (74, 9), (77, 9), (78, 9), (80, 9), (86, 9)]
2024-05-26 18:31:16,200 - DEBUG - Episode 10: Valid recipes for cuisine 15: []
2024-05-26 18:31:16,200 - WARNING - No recipes found for cuisine ID: 15
2024-05-26 18:31:16,200 - DEBUG - Episode 10: Valid recipes for cuisine 8: [(85, 8)]
2024-05-26 18:31:16,201 - DEBUG - Episode 10: Valid recipes for cuisine 14: []
2024-05-26 18:31:16,201 - WARNING - No recipes found for cuisine ID: 14
2024-05-26 18:31:16,201 - DEBUG - Episode 10: Valid recipes for cuisine 9: [(1, 9), (10, 9), (16, 9), (23, 9), (28, 9), (48, 9), (50, 9), (51, 9), (52, 9), (60, 9), (65, 9), (66, 9), (67, 9), (69, 9), (70, 9), (74, 9), (77, 9), (78, 9), (80, 9), (86, 9)]
2024-05-26 18:31:16,201 - DEBUG - Episode 10: Valid recipes for cuisine 14: []
2024-05-26 18:31:16,202 - WARNING - No recipes found for cuisine ID: 14
2024-05-26 18:31:16,202 - DEBUG - Episode 10: Valid recipes for cuisine 5: [(3, 5), (4, 5), (7, 5), (14, 5), (25, 5), (30, 5), (33, 5), (36, 5), (41, 5), (44, 5), (45, 5), (46, 5), (54, 5), (61, 5), (73, 5), (76, 5), (82, 5), (84, 5)]
2024-05-26 18:31:16,202 - DEBUG - Episode 10: Valid recipes for cuisine 16: []
2024-05-26 18:31:16,202 - WARNING - No recipes found for cuisine ID: 16
2024-05-26 18:31:16,203 - DEBUG - Episode 10: Valid recipes for cuisine 8: [(85, 8)]
2024-05-26 18:31:16,203 - DEBUG - Episode 10: Selected recipes: [60, 1, 85, 50, 25, 85]
2024-05-26 18:31:16,203 - DEBUG - Episode 10: Valid cooks for cuisine 9: [(1, 9), (10, 9), (15, 9), (21, 9), (29, 9), (37, 9), (46, 9), (51, 9)]
2024-05-26 18:31:16,204 - DEBUG - Episode 10: Valid cooks for cuisine 9: [(1, 9), (10, 9), (15, 9), (21, 9), (29, 9), (37, 9), (46, 9), (51, 9)]
2024-05-26 18:31:16,205 - DEBUG - Episode 10: Valid cooks for cuisine 15: [(7, 15), (12, 15), (21, 15), (26, 15), (32, 15), (38, 15), (46, 15)]
2024-05-26 18:31:16,205 - DEBUG - Episode 10: Valid cooks for cuisine 8: [(11, 8), (25, 8), (30, 8), (33, 8), (39, 8), (43, 8), (50, 8)]
2024-05-26 18:31:16,206 - DEBUG - Episode 10: Valid cooks for cuisine 14: [(5, 14), (11, 14), (31, 14), (39, 14), (47, 14)]
2024-05-26 18:31:16,206 - DEBUG - Episode 10: Valid cooks for cuisine 9: [(1, 9), (10, 9), (15, 9), (21, 9), (29, 9), (37, 9), (46, 9), (51, 9)]
2024-05-26 18:31:16,206 - DEBUG - Episode 10: Valid cooks for cuisine 14: [(5, 14), (11, 14), (31, 14), (39, 14), (47, 14)]
2024-05-26 18:31:16,206 - DEBUG - Episode 10: Valid cooks for cuisine 5: [(4, 5), (9, 5), (16, 5), (23, 5), (29, 5), (35, 5), (41, 5), (47, 5)]
2024-05-26 18:31:16,207 - DEBUG - Episode 10: Valid cooks for cuisine 16: [(2, 16), (12, 16), (20, 16), (27, 16), (40, 16), (47, 16)]
2024-05-26 18:31:16,207 - DEBUG - Episode 10: Valid cooks for cuisine 8: [(11, 8), (25, 8), (30, 8), (33, 8), (39, 8), (43, 8), (50, 8)]
2024-05-26 18:31:16,207 - DEBUG - Episode 10: Selected cooks: [10, 29, 26, 50, 31, 21, 47, 41, 20, 39]
2024-05-26 18:31:16,216 - INFO - Episode 10 for season 5 created successfully.
2024-05-26 19:09:36,124 - DEBUG - # _do_auth(): self._auth_plugin: 
2024-05-26 19:09:36,124 - INFO - package: mysql.connector.plugins
2024-05-26 19:09:36,124 - INFO - plugin_name: mysql_native_password
2024-05-26 19:09:36,128 - INFO - AUTHENTICATION_PLUGIN_CLASS: MySQLNativePasswordAuthPlugin
2024-05-26 19:09:36,129 - DEBUG - new_auth_plugin: mysql_native_password
2024-05-26 19:09:36,130 - INFO - Successfully connected to the database with mysql.connector
2024-05-26 19:09:36,138 - DEBUG - Episode 1: Selected cuisines: [13, 10, 9, 1, 6, 4, 2, 19, 17, 20]
2024-05-26 19:09:36,139 - DEBUG - Episode 1: Valid recipes for cuisine 13: [(91, 13), (92, 13), (93, 13), (94, 13)]
2024-05-26 19:09:36,139 - DEBUG - Episode 1: Valid recipes for cuisine 10: [(8, 10), (17, 10), (31, 10)]
2024-05-26 19:09:36,139 - DEBUG - Episode 1: Valid recipes for cuisine 9: [(1, 9), (10, 9), (16, 9), (23, 9), (28, 9), (48, 9), (50, 9), (51, 9), (52, 9), (60, 9), (65, 9), (66, 9), (67, 9), (69, 9), (70, 9), (74, 9), (77, 9), (78, 9), (80, 9), (86, 9)]
2024-05-26 19:09:36,140 - DEBUG - Episode 1: Valid recipes for cuisine 1: [(22, 1), (62, 1)]
2024-05-26 19:09:36,140 - DEBUG - Episode 1: Valid recipes for cuisine 6: [(38, 6), (55, 6)]
2024-05-26 19:09:36,140 - DEBUG - Episode 1: Valid recipes for cuisine 4: [(2, 4)]
2024-05-26 19:09:36,140 - DEBUG - Episode 1: Valid recipes for cuisine 2: [(6, 2), (13, 2), (20, 2), (35, 2), (37, 2), (39, 2), (43, 2), (47, 2), (53, 2), (57, 2), (58, 2), (63, 2), (68, 2), (71, 2), (72, 2), (83, 2)]
2024-05-26 19:09:36,141 - DEBUG - Episode 1: Valid recipes for cuisine 19: [(115, 19), (116, 19), (117, 19), (118, 19)]
2024-05-26 19:09:36,141 - DEBUG - Episode 1: Valid recipes for cuisine 17: [(107, 17), (108, 17), (109, 17), (110, 17)]
2024-05-26 19:09:36,141 - DEBUG - Episode 1: Valid recipes for cuisine 20: [(119, 20), (120, 20), (121, 20), (122, 20)]
2024-05-26 19:09:36,142 - DEBUG - Episode 1: Selected recipes: [92, 8, 78, 22, 38, 2, 35, 117, 109, 122]
2024-05-26 19:09:36,142 - DEBUG - Episode 1: Valid cooks for cuisine 13: [(1, 13), (16, 13), (24, 13), (28, 13), (41, 13), (45, 13), (51, 13)]
2024-05-26 19:09:36,142 - DEBUG - Episode 1: Valid cooks for cuisine 10: [(2, 10), (8, 10), (14, 10), (26, 10), (33, 10), (37, 10), (44, 10), (50, 10)]
2024-05-26 19:09:36,142 - DEBUG - Episode 1: Valid cooks for cuisine 9: [(1, 9), (10, 9), (15, 9), (21, 9), (29, 9), (37, 9), (46, 9), (51, 9)]
2024-05-26 19:09:36,142 - DEBUG - Episode 1: Valid cooks for cuisine 1: [(3, 1), (6, 1), (12, 1), (19, 1), (23, 1), (31, 1), (34, 1), (43, 1)]
2024-05-26 19:09:36,143 - DEBUG - Episode 1: Valid cooks for cuisine 6: [(5, 6), (9, 6), (18, 6), (24, 6), (28, 6), (38, 6), (42, 6), (49, 6)]
2024-05-26 19:09:36,143 - DEBUG - Episode 1: Valid cooks for cuisine 4: [(7, 4), (13, 4), (20, 4), (25, 4), (31, 4), (40, 4), (48, 4)]
2024-05-26 19:09:36,143 - DEBUG - Episode 1: Valid cooks for cuisine 2: [(1, 2), (10, 2), (15, 2), (22, 2), (30, 2), (36, 2), (45, 2), (49, 2)]
2024-05-26 19:09:36,144 - DEBUG - Episode 1: Valid cooks for cuisine 19: [(3, 19), (6, 19), (14, 19), (27, 19), (30, 19), (35, 19), (42, 19)]
2024-05-26 19:09:36,144 - DEBUG - Episode 1: Valid cooks for cuisine 17: [(9, 17), (18, 17), (24, 17), (34, 17)]
2024-05-26 19:09:36,144 - DEBUG - Episode 1: Valid cooks for cuisine 20: []
2024-05-26 19:09:36,144 - WARNING - No cooks found with expertise in cuisine ID: 20
2024-05-26 19:09:36,144 - DEBUG - Episode 1: Selected cooks: [16, 8, 46, 43, 9, 25, 10, 30, 34]
2024-05-26 19:09:36,164 - INFO - Episode 1 for season 1 created successfully.
2024-05-26 19:09:36,164 - DEBUG - Episode 2: Selected cuisines: [17, 20, 13, 17, 6, 18, 4, 19, 12, 1]
2024-05-26 19:09:36,165 - DEBUG - Episode 2: Valid recipes for cuisine 17: [(107, 17), (108, 17), (109, 17), (110, 17)]
2024-05-26 19:09:36,165 - DEBUG - Episode 2: Valid recipes for cuisine 20: [(119, 20), (120, 20), (121, 20), (122, 20)]
2024-05-26 19:09:36,165 - DEBUG - Episode 2: Valid recipes for cuisine 13: [(91, 13), (92, 13), (93, 13), (94, 13)]
2024-05-26 19:09:36,165 - DEBUG - Episode 2: Valid recipes for cuisine 17: [(107, 17), (108, 17), (109, 17), (110, 17)]
2024-05-26 19:09:36,165 - DEBUG - Episode 2: Valid recipes for cuisine 6: [(38, 6), (55, 6)]
2024-05-26 19:09:36,166 - DEBUG - Episode 2: Valid recipes for cuisine 18: [(111, 18), (112, 18), (113, 18), (114, 18)]
2024-05-26 19:09:36,166 - DEBUG - Episode 2: Valid recipes for cuisine 4: [(2, 4)]
2024-05-26 19:09:36,166 - DEBUG - Episode 2: Valid recipes for cuisine 19: [(115, 19), (116, 19), (117, 19), (118, 19)]
2024-05-26 19:09:36,167 - DEBUG - Episode 2: Valid recipes for cuisine 12: [(87, 12), (88, 12), (89, 12), (90, 12)]
2024-05-26 19:09:36,167 - DEBUG - Episode 2: Valid recipes for cuisine 1: [(22, 1), (62, 1)]
2024-05-26 19:09:36,167 - DEBUG - Episode 2: Selected recipes: [107, 121, 93, 108, 55, 111, 2, 117, 88, 22]
2024-05-26 19:09:36,167 - DEBUG - Episode 2: Valid cooks for cuisine 17: [(9, 17), (18, 17), (24, 17), (34, 17)]
2024-05-26 19:09:36,168 - DEBUG - Episode 2: Valid cooks for cuisine 20: []
2024-05-26 19:09:36,168 - WARNING - No cooks found with expertise in cuisine ID: 20
2024-05-26 19:09:36,169 - DEBUG - Episode 2: Valid cooks for cuisine 13: [(1, 13), (16, 13), (24, 13), (28, 13), (41, 13), (45, 13), (51, 13)]
2024-05-26 19:09:36,169 - DEBUG - Episode 2: Valid cooks for cuisine 17: [(9, 17), (18, 17), (24, 17), (34, 17)]
2024-05-26 19:09:36,169 - DEBUG - Episode 2: Valid cooks for cuisine 6: [(5, 6), (9, 6), (18, 6), (24, 6), (28, 6), (38, 6), (42, 6), (49, 6)]
2024-05-26 19:09:36,169 - DEBUG - Episode 2: Valid cooks for cuisine 18: [(5, 18), (17, 18), (23, 18), (33, 18), (37, 18), (43, 18), (48, 18)]
2024-05-26 19:09:36,170 - DEBUG - Episode 2: Valid cooks for cuisine 4: [(7, 4), (13, 4), (20, 4), (25, 4), (31, 4), (40, 4), (48, 4)]
2024-05-26 19:09:36,170 - DEBUG - Episode 2: Valid cooks for cuisine 19: [(3, 19), (6, 19), (14, 19), (27, 19), (30, 19), (35, 19), (42, 19)]
2024-05-26 19:09:36,170 - DEBUG - Episode 2: Valid cooks for cuisine 12: [(4, 12), (8, 12), (19, 12), (25, 12), (32, 12), (40, 12), (44, 12)]
2024-05-26 19:09:36,170 - DEBUG - Episode 2: Valid cooks for cuisine 1: [(3, 1), (6, 1), (12, 1), (19, 1), (23, 1), (31, 1), (34, 1), (43, 1)]
2024-05-26 19:09:36,170 - DEBUG - Episode 2: Selected cooks: [34, 51, 34, 42, 5, 20, 6, 19, 34]
2024-05-26 19:09:36,181 - ERROR - Error while creating episode 2 for season 1: 1062 (23000): Duplicate entry '2-34' for key 'PRIMARY'
2024-05-26 19:09:36,181 - DEBUG - Episode 3: Selected cuisines: [16, 20, 19, 18, 7, 14, 8, 7, 13, 2]
2024-05-26 19:09:36,181 - DEBUG - Episode 3: Valid recipes for cuisine 16: [(103, 16), (104, 16), (105, 16), (106, 16)]
2024-05-26 19:09:36,182 - DEBUG - Episode 3: Valid recipes for cuisine 20: [(119, 20), (120, 20), (121, 20), (122, 20)]
2024-05-26 19:09:36,182 - DEBUG - Episode 3: Valid recipes for cuisine 19: [(115, 19), (116, 19), (117, 19), (118, 19)]
2024-05-26 19:09:36,182 - DEBUG - Episode 3: Valid recipes for cuisine 18: [(111, 18), (112, 18), (113, 18), (114, 18)]
2024-05-26 19:09:36,182 - DEBUG - Episode 3: Valid recipes for cuisine 7: [(5, 7), (9, 7), (12, 7), (15, 7), (18, 7), (19, 7), (21, 7), (24, 7), (26, 7), (27, 7), (29, 7), (32, 7), (34, 7), (40, 7), (42, 7), (56, 7), (64, 7), (75, 7), (79, 7)]
2024-05-26 19:09:36,183 - DEBUG - Episode 3: Valid recipes for cuisine 14: [(95, 14), (96, 14), (97, 14), (98, 14)]
2024-05-26 19:09:36,183 - DEBUG - Episode 3: Valid recipes for cuisine 8: [(85, 8)]
2024-05-26 19:09:36,183 - DEBUG - Episode 3: Valid recipes for cuisine 7: [(5, 7), (9, 7), (12, 7), (15, 7), (18, 7), (19, 7), (21, 7), (24, 7), (26, 7), (27, 7), (29, 7), (32, 7), (34, 7), (40, 7), (42, 7), (56, 7), (64, 7), (75, 7), (79, 7)]
2024-05-26 19:09:36,184 - DEBUG - Episode 3: Valid recipes for cuisine 13: [(91, 13), (92, 13), (93, 13), (94, 13)]
2024-05-26 19:09:36,184 - DEBUG - Episode 3: Valid recipes for cuisine 2: [(6, 2), (13, 2), (20, 2), (35, 2), (37, 2), (39, 2), (43, 2), (47, 2), (53, 2), (57, 2), (58, 2), (63, 2), (68, 2), (71, 2), (72, 2), (83, 2)]
2024-05-26 19:09:36,184 - DEBUG - Episode 3: Selected recipes: [103, 120, 116, 114, 56, 95, 85, 18, 91, 20]
2024-05-26 19:09:36,185 - DEBUG - Episode 3: Valid cooks for cuisine 16: [(2, 16), (12, 16), (20, 16), (27, 16), (40, 16), (47, 16)]
2024-05-26 19:09:36,185 - DEBUG - Episode 3: Valid cooks for cuisine 20: []
2024-05-26 19:09:36,185 - WARNING - No cooks found with expertise in cuisine ID: 20
2024-05-26 19:09:36,185 - DEBUG - Episode 3: Valid cooks for cuisine 19: [(3, 19), (6, 19), (14, 19), (27, 19), (30, 19), (35, 19), (42, 19)]
2024-05-26 19:09:36,186 - DEBUG - Episode 3: Valid cooks for cuisine 18: [(5, 18), (17, 18), (23, 18), (33, 18), (37, 18), (43, 18), (48, 18)]
2024-05-26 19:09:36,186 - DEBUG - Episode 3: Valid cooks for cuisine 7: [(6, 7), (13, 7), (21, 7), (27, 7), (36, 7), (42, 7), (46, 7)]
2024-05-26 19:09:36,186 - DEBUG - Episode 3: Valid cooks for cuisine 14: [(5, 14), (11, 14), (31, 14), (39, 14), (47, 14)]
2024-05-26 19:09:36,186 - DEBUG - Episode 3: Valid cooks for cuisine 8: [(11, 8), (25, 8), (30, 8), (33, 8), (39, 8), (43, 8), (50, 8)]
2024-05-26 19:09:36,187 - DEBUG - Episode 3: Valid cooks for cuisine 7: [(6, 7), (13, 7), (21, 7), (27, 7), (36, 7), (42, 7), (46, 7)]
2024-05-26 19:09:36,187 - DEBUG - Episode 3: Valid cooks for cuisine 13: [(1, 13), (16, 13), (24, 13), (28, 13), (41, 13), (45, 13), (51, 13)]
2024-05-26 19:09:36,187 - DEBUG - Episode 3: Valid cooks for cuisine 2: [(1, 2), (10, 2), (15, 2), (22, 2), (30, 2), (36, 2), (45, 2), (49, 2)]
2024-05-26 19:09:36,187 - DEBUG - Episode 3: Selected cooks: [47, 35, 37, 21, 39, 39, 46, 28, 1]
2024-05-26 19:09:36,193 - ERROR - Error while creating episode 3 for season 1: 1062 (23000): Duplicate entry '3-39' for key 'PRIMARY'
2024-05-26 19:09:36,193 - DEBUG - Episode 4: Selected cuisines: [8, 12, 17, 6, 8, 9, 13, 2, 6, 6]
2024-05-26 19:09:36,193 - DEBUG - Episode 4: Valid recipes for cuisine 8: [(85, 8)]
2024-05-26 19:09:36,194 - DEBUG - Episode 4: Valid recipes for cuisine 12: [(87, 12), (88, 12), (89, 12), (90, 12)]
2024-05-26 19:09:36,194 - DEBUG - Episode 4: Valid recipes for cuisine 17: [(107, 17), (108, 17), (109, 17), (110, 17)]
2024-05-26 19:09:36,195 - DEBUG - Episode 4: Valid recipes for cuisine 6: [(38, 6), (55, 6)]
2024-05-26 19:09:36,195 - DEBUG - Episode 4: Valid recipes for cuisine 8: [(85, 8)]
2024-05-26 19:09:36,195 - DEBUG - Episode 4: Valid recipes for cuisine 9: [(1, 9), (10, 9), (16, 9), (23, 9), (28, 9), (48, 9), (50, 9), (51, 9), (52, 9), (60, 9), (65, 9), (66, 9), (67, 9), (69, 9), (70, 9), (74, 9), (77, 9), (78, 9), (80, 9), (86, 9)]
2024-05-26 19:09:36,196 - DEBUG - Episode 4: Valid recipes for cuisine 13: [(91, 13), (92, 13), (93, 13), (94, 13)]
2024-05-26 19:09:36,196 - DEBUG - Episode 4: Valid recipes for cuisine 2: [(6, 2), (13, 2), (20, 2), (35, 2), (37, 2), (39, 2), (43, 2), (47, 2), (53, 2), (57, 2), (58, 2), (63, 2), (68, 2), (71, 2), (72, 2), (83, 2)]
2024-05-26 19:09:36,196 - DEBUG - Episode 4: Valid recipes for cuisine 6: [(38, 6), (55, 6)]
2024-05-26 19:09:36,196 - DEBUG - Episode 4: Valid recipes for cuisine 6: [(38, 6), (55, 6)]
2024-05-26 19:09:36,197 - DEBUG - Episode 4: Selected recipes: [85, 88, 108, 38, 85, 52, 93, 43, 38, 38]
2024-05-26 19:09:36,197 - DEBUG - Episode 4: Valid cooks for cuisine 8: [(11, 8), (25, 8), (30, 8), (33, 8), (39, 8), (43, 8), (50, 8)]
2024-05-26 19:09:36,197 - DEBUG - Episode 4: Valid cooks for cuisine 12: [(4, 12), (8, 12), (19, 12), (25, 12), (32, 12), (40, 12), (44, 12)]
2024-05-26 19:09:36,197 - DEBUG - Episode 4: Valid cooks for cuisine 17: [(9, 17), (18, 17), (24, 17), (34, 17)]
2024-05-26 19:09:36,197 - DEBUG - Episode 4: Valid cooks for cuisine 6: [(5, 6), (9, 6), (18, 6), (24, 6), (28, 6), (38, 6), (42, 6), (49, 6)]
2024-05-26 19:09:36,197 - DEBUG - Episode 4: Valid cooks for cuisine 8: [(11, 8), (25, 8), (30, 8), (33, 8), (39, 8), (43, 8), (50, 8)]
2024-05-26 19:09:36,198 - DEBUG - Episode 4: Valid cooks for cuisine 9: [(1, 9), (10, 9), (15, 9), (21, 9), (29, 9), (37, 9), (46, 9), (51, 9)]
2024-05-26 19:09:36,198 - DEBUG - Episode 4: Valid cooks for cuisine 13: [(1, 13), (16, 13), (24, 13), (28, 13), (41, 13), (45, 13), (51, 13)]
2024-05-26 19:09:36,198 - DEBUG - Episode 4: Valid cooks for cuisine 2: [(1, 2), (10, 2), (15, 2), (22, 2), (30, 2), (36, 2), (45, 2), (49, 2)]
2024-05-26 19:09:36,198 - DEBUG - Episode 4: Valid cooks for cuisine 6: [(5, 6), (9, 6), (18, 6), (24, 6), (28, 6), (38, 6), (42, 6), (49, 6)]
2024-05-26 19:09:36,199 - DEBUG - Episode 4: Valid cooks for cuisine 6: [(5, 6), (9, 6), (18, 6), (24, 6), (28, 6), (38, 6), (42, 6), (49, 6)]
2024-05-26 19:09:36,199 - DEBUG - Episode 4: Selected cooks: [25, 25, 18, 49, 33, 46, 51, 15, 9, 49]
2024-05-26 19:09:36,204 - ERROR - Error while creating episode 4 for season 1: 1062 (23000): Duplicate entry '4-25' for key 'PRIMARY'
2024-05-26 19:09:36,204 - DEBUG - Episode 5: Selected cuisines: [6, 9, 20, 13, 2, 4, 10, 17, 12, 2]
2024-05-26 19:09:36,204 - DEBUG - Episode 5: Valid recipes for cuisine 6: [(38, 6), (55, 6)]
2024-05-26 19:09:36,205 - DEBUG - Episode 5: Valid recipes for cuisine 9: [(1, 9), (10, 9), (16, 9), (23, 9), (28, 9), (48, 9), (50, 9), (51, 9), (52, 9), (60, 9), (65, 9), (66, 9), (67, 9), (69, 9), (70, 9), (74, 9), (77, 9), (78, 9), (80, 9), (86, 9)]
2024-05-26 19:09:36,205 - DEBUG - Episode 5: Valid recipes for cuisine 20: [(119, 20), (120, 20), (121, 20), (122, 20)]
2024-05-26 19:09:36,205 - DEBUG - Episode 5: Valid recipes for cuisine 13: [(91, 13), (92, 13), (93, 13), (94, 13)]
2024-05-26 19:09:36,206 - DEBUG - Episode 5: Valid recipes for cuisine 2: [(6, 2), (13, 2), (20, 2), (35, 2), (37, 2), (39, 2), (43, 2), (47, 2), (53, 2), (57, 2), (58, 2), (63, 2), (68, 2), (71, 2), (72, 2), (83, 2)]
2024-05-26 19:09:36,206 - DEBUG - Episode 5: Valid recipes for cuisine 4: [(2, 4)]
2024-05-26 19:09:36,206 - DEBUG - Episode 5: Valid recipes for cuisine 10: [(8, 10), (17, 10), (31, 10)]
2024-05-26 19:09:36,206 - DEBUG - Episode 5: Valid recipes for cuisine 17: [(107, 17), (108, 17), (109, 17), (110, 17)]
2024-05-26 19:09:36,206 - DEBUG - Episode 5: Valid recipes for cuisine 12: [(87, 12), (88, 12), (89, 12), (90, 12)]
2024-05-26 19:09:36,207 - DEBUG - Episode 5: Valid recipes for cuisine 2: [(6, 2), (13, 2), (20, 2), (35, 2), (37, 2), (39, 2), (43, 2), (47, 2), (53, 2), (57, 2), (58, 2), (63, 2), (68, 2), (71, 2), (72, 2), (83, 2)]
2024-05-26 19:09:36,207 - DEBUG - Episode 5: Selected recipes: [38, 50, 120, 94, 71, 2, 31, 110, 89, 39]
2024-05-26 19:09:36,207 - DEBUG - Episode 5: Valid cooks for cuisine 6: [(5, 6), (9, 6), (18, 6), (24, 6), (28, 6), (38, 6), (42, 6), (49, 6)]
2024-05-26 19:09:36,207 - DEBUG - Episode 5: Valid cooks for cuisine 9: [(1, 9), (10, 9), (15, 9), (21, 9), (29, 9), (37, 9), (46, 9), (51, 9)]
2024-05-26 19:09:36,207 - DEBUG - Episode 5: Valid cooks for cuisine 20: []
2024-05-26 19:09:36,208 - WARNING - No cooks found with expertise in cuisine ID: 20
2024-05-26 19:09:36,208 - DEBUG - Episode 5: Valid cooks for cuisine 13: [(1, 13), (16, 13), (24, 13), (28, 13), (41, 13), (45, 13), (51, 13)]
2024-05-26 19:09:36,208 - DEBUG - Episode 5: Valid cooks for cuisine 2: [(1, 2), (10, 2), (15, 2), (22, 2), (30, 2), (36, 2), (45, 2), (49, 2)]
2024-05-26 19:09:36,208 - DEBUG - Episode 5: Valid cooks for cuisine 4: [(7, 4), (13, 4), (20, 4), (25, 4), (31, 4), (40, 4), (48, 4)]
2024-05-26 19:09:36,209 - DEBUG - Episode 5: Valid cooks for cuisine 10: [(2, 10), (8, 10), (14, 10), (26, 10), (33, 10), (37, 10), (44, 10), (50, 10)]
2024-05-26 19:09:36,209 - DEBUG - Episode 5: Valid cooks for cuisine 17: [(9, 17), (18, 17), (24, 17), (34, 17)]
2024-05-26 19:09:36,209 - DEBUG - Episode 5: Valid cooks for cuisine 12: [(4, 12), (8, 12), (19, 12), (25, 12), (32, 12), (40, 12), (44, 12)]
2024-05-26 19:09:36,209 - DEBUG - Episode 5: Valid cooks for cuisine 2: [(1, 2), (10, 2), (15, 2), (22, 2), (30, 2), (36, 2), (45, 2), (49, 2)]
2024-05-26 19:09:36,209 - DEBUG - Episode 5: Selected cooks: [42, 21, 51, 49, 20, 37, 34, 32, 10]
2024-05-26 19:09:36,217 - INFO - Episode 5 for season 1 created successfully.
2024-05-26 19:09:36,218 - DEBUG - Episode 6: Selected cuisines: [14, 3, 11, 11, 11, 20, 18, 6, 12, 14]
2024-05-26 19:09:36,218 - DEBUG - Episode 6: Valid recipes for cuisine 14: [(95, 14), (96, 14), (97, 14), (98, 14)]
2024-05-26 19:09:36,219 - DEBUG - Episode 6: Valid recipes for cuisine 3: [(59, 3), (81, 3)]
2024-05-26 19:09:36,219 - DEBUG - Episode 6: Valid recipes for cuisine 11: [(11, 11), (49, 11)]
2024-05-26 19:09:36,219 - DEBUG - Episode 6: Valid recipes for cuisine 11: [(11, 11), (49, 11)]
2024-05-26 19:09:36,219 - DEBUG - Episode 6: Valid recipes for cuisine 11: [(11, 11), (49, 11)]
2024-05-26 19:09:36,220 - DEBUG - Episode 6: Valid recipes for cuisine 20: [(119, 20), (120, 20), (121, 20), (122, 20)]
2024-05-26 19:09:36,220 - DEBUG - Episode 6: Valid recipes for cuisine 18: [(111, 18), (112, 18), (113, 18), (114, 18)]
2024-05-26 19:09:36,220 - DEBUG - Episode 6: Valid recipes for cuisine 6: [(38, 6), (55, 6)]
2024-05-26 19:09:36,221 - DEBUG - Episode 6: Valid recipes for cuisine 12: [(87, 12), (88, 12), (89, 12), (90, 12)]
2024-05-26 19:09:36,221 - DEBUG - Episode 6: Valid recipes for cuisine 14: [(95, 14), (96, 14), (97, 14), (98, 14)]
2024-05-26 19:09:36,221 - DEBUG - Episode 6: Selected recipes: [98, 59, 49, 11, 49, 121, 111, 55, 88, 95]
2024-05-26 19:09:36,222 - DEBUG - Episode 6: Valid cooks for cuisine 14: [(5, 14), (11, 14), (31, 14), (39, 14), (47, 14)]
2024-05-26 19:09:36,222 - DEBUG - Episode 6: Valid cooks for cuisine 3: [(2, 3), (11, 3), (17, 3), (26, 3), (32, 3), (38, 3), (45, 3), (51, 3)]
2024-05-26 19:09:36,222 - DEBUG - Episode 6: Valid cooks for cuisine 11: [(13, 11), (16, 11), (22, 11), (29, 11), (36, 11), (41, 11), (50, 11)]
2024-05-26 19:09:36,223 - DEBUG - Episode 6: Valid cooks for cuisine 11: [(13, 11), (16, 11), (22, 11), (29, 11), (36, 11), (41, 11), (50, 11)]
2024-05-26 19:09:36,223 - DEBUG - Episode 6: Valid cooks for cuisine 11: [(13, 11), (16, 11), (22, 11), (29, 11), (36, 11), (41, 11), (50, 11)]
2024-05-26 19:09:36,223 - DEBUG - Episode 6: Valid cooks for cuisine 20: []
2024-05-26 19:09:36,223 - WARNING - No cooks found with expertise in cuisine ID: 20
2024-05-26 19:09:36,224 - DEBUG - Episode 6: Valid cooks for cuisine 18: [(5, 18), (17, 18), (23, 18), (33, 18), (37, 18), (43, 18), (48, 18)]
2024-05-26 19:09:36,224 - DEBUG - Episode 6: Valid cooks for cuisine 6: [(5, 6), (9, 6), (18, 6), (24, 6), (28, 6), (38, 6), (42, 6), (49, 6)]
2024-05-26 19:09:36,224 - DEBUG - Episode 6: Valid cooks for cuisine 12: [(4, 12), (8, 12), (19, 12), (25, 12), (32, 12), (40, 12), (44, 12)]
2024-05-26 19:09:36,224 - DEBUG - Episode 6: Valid cooks for cuisine 14: [(5, 14), (11, 14), (31, 14), (39, 14), (47, 14)]
2024-05-26 19:09:36,224 - DEBUG - Episode 6: Selected cooks: [39, 17, 13, 22, 41, 43, 28, 8, 5]
2024-05-26 19:09:36,234 - INFO - Episode 6 for season 1 created successfully.
2024-05-26 19:09:36,234 - DEBUG - Episode 7: Selected cuisines: [16, 19, 8, 15, 10, 12, 4, 9, 18, 2]
2024-05-26 19:09:36,234 - DEBUG - Episode 7: Valid recipes for cuisine 16: [(103, 16), (104, 16), (105, 16), (106, 16)]
2024-05-26 19:09:36,235 - DEBUG - Episode 7: Valid recipes for cuisine 19: [(115, 19), (116, 19), (117, 19), (118, 19)]
2024-05-26 19:09:36,235 - DEBUG - Episode 7: Valid recipes for cuisine 8: [(85, 8)]
2024-05-26 19:09:36,236 - DEBUG - Episode 7: Valid recipes for cuisine 15: [(99, 15), (100, 15), (101, 15), (102, 15)]
2024-05-26 19:09:36,236 - DEBUG - Episode 7: Valid recipes for cuisine 10: [(8, 10), (17, 10), (31, 10)]
2024-05-26 19:09:36,237 - DEBUG - Episode 7: Valid recipes for cuisine 12: [(87, 12), (88, 12), (89, 12), (90, 12)]
2024-05-26 19:09:36,238 - DEBUG - Episode 7: Valid recipes for cuisine 4: [(2, 4)]
2024-05-26 19:09:36,238 - DEBUG - Episode 7: Valid recipes for cuisine 9: [(1, 9), (10, 9), (16, 9), (23, 9), (28, 9), (48, 9), (50, 9), (51, 9), (52, 9), (60, 9), (65, 9), (66, 9), (67, 9), (69, 9), (70, 9), (74, 9), (77, 9), (78, 9), (80, 9), (86, 9)]
2024-05-26 19:09:36,238 - DEBUG - Episode 7: Valid recipes for cuisine 18: [(111, 18), (112, 18), (113, 18), (114, 18)]
2024-05-26 19:09:36,238 - DEBUG - Episode 7: Valid recipes for cuisine 2: [(6, 2), (13, 2), (20, 2), (35, 2), (37, 2), (39, 2), (43, 2), (47, 2), (53, 2), (57, 2), (58, 2), (63, 2), (68, 2), (71, 2), (72, 2), (83, 2)]
2024-05-26 19:09:36,239 - DEBUG - Episode 7: Selected recipes: [103, 118, 85, 102, 17, 88, 2, 74, 114, 63]
2024-05-26 19:09:36,239 - DEBUG - Episode 7: Valid cooks for cuisine 16: [(2, 16), (12, 16), (20, 16), (27, 16), (40, 16), (47, 16)]
2024-05-26 19:09:36,239 - DEBUG - Episode 7: Valid cooks for cuisine 19: [(3, 19), (6, 19), (14, 19), (27, 19), (30, 19), (35, 19), (42, 19)]
2024-05-26 19:09:36,239 - DEBUG - Episode 7: Valid cooks for cuisine 8: [(11, 8), (25, 8), (30, 8), (33, 8), (39, 8), (43, 8), (50, 8)]
2024-05-26 19:09:36,239 - DEBUG - Episode 7: Valid cooks for cuisine 15: [(7, 15), (12, 15), (21, 15), (26, 15), (32, 15), (38, 15), (46, 15)]
2024-05-26 19:09:36,240 - DEBUG - Episode 7: Valid cooks for cuisine 10: [(2, 10), (8, 10), (14, 10), (26, 10), (33, 10), (37, 10), (44, 10), (50, 10)]
2024-05-26 19:09:36,240 - DEBUG - Episode 7: Valid cooks for cuisine 12: [(4, 12), (8, 12), (19, 12), (25, 12), (32, 12), (40, 12), (44, 12)]
2024-05-26 19:09:36,240 - DEBUG - Episode 7: Valid cooks for cuisine 4: [(7, 4), (13, 4), (20, 4), (25, 4), (31, 4), (40, 4), (48, 4)]
2024-05-26 19:09:36,240 - DEBUG - Episode 7: Valid cooks for cuisine 9: [(1, 9), (10, 9), (15, 9), (21, 9), (29, 9), (37, 9), (46, 9), (51, 9)]
2024-05-26 19:09:36,241 - DEBUG - Episode 7: Valid cooks for cuisine 18: [(5, 18), (17, 18), (23, 18), (33, 18), (37, 18), (43, 18), (48, 18)]
2024-05-26 19:09:36,241 - DEBUG - Episode 7: Valid cooks for cuisine 2: [(1, 2), (10, 2), (15, 2), (22, 2), (30, 2), (36, 2), (45, 2), (49, 2)]
2024-05-26 19:09:36,241 - DEBUG - Episode 7: Selected cooks: [47, 42, 43, 46, 33, 4, 31, 1, 33, 22]
2024-05-26 19:09:36,247 - ERROR - Error while creating episode 7 for season 1: 1062 (23000): Duplicate entry '7-33' for key 'PRIMARY'
2024-05-26 19:09:36,248 - DEBUG - Episode 8: Selected cuisines: [5, 2, 6, 13, 20, 14, 1, 11, 12, 6]
2024-05-26 19:09:36,248 - DEBUG - Episode 8: Valid recipes for cuisine 5: [(3, 5), (4, 5), (7, 5), (14, 5), (25, 5), (30, 5), (33, 5), (36, 5), (41, 5), (44, 5), (45, 5), (46, 5), (54, 5), (61, 5), (73, 5), (76, 5), (82, 5), (84, 5)]
2024-05-26 19:09:36,249 - DEBUG - Episode 8: Valid recipes for cuisine 2: [(6, 2), (13, 2), (20, 2), (35, 2), (37, 2), (39, 2), (43, 2), (47, 2), (53, 2), (57, 2), (58, 2), (63, 2), (68, 2), (71, 2), (72, 2), (83, 2)]
2024-05-26 19:09:36,249 - DEBUG - Episode 8: Valid recipes for cuisine 6: [(38, 6), (55, 6)]
2024-05-26 19:09:36,250 - DEBUG - Episode 8: Valid recipes for cuisine 13: [(91, 13), (92, 13), (93, 13), (94, 13)]
2024-05-26 19:09:36,250 - DEBUG - Episode 8: Valid recipes for cuisine 20: [(119, 20), (120, 20), (121, 20), (122, 20)]
2024-05-26 19:09:36,251 - DEBUG - Episode 8: Valid recipes for cuisine 14: [(95, 14), (96, 14), (97, 14), (98, 14)]
2024-05-26 19:09:36,251 - DEBUG - Episode 8: Valid recipes for cuisine 1: [(22, 1), (62, 1)]
2024-05-26 19:09:36,251 - DEBUG - Episode 8: Valid recipes for cuisine 11: [(11, 11), (49, 11)]
2024-05-26 19:09:36,252 - DEBUG - Episode 8: Valid recipes for cuisine 12: [(87, 12), (88, 12), (89, 12), (90, 12)]
2024-05-26 19:09:36,252 - DEBUG - Episode 8: Valid recipes for cuisine 6: [(38, 6), (55, 6)]
2024-05-26 19:09:36,252 - DEBUG - Episode 8: Selected recipes: [41, 39, 55, 93, 119, 96, 22, 11, 88, 38]
2024-05-26 19:09:36,253 - DEBUG - Episode 8: Valid cooks for cuisine 5: [(4, 5), (9, 5), (16, 5), (23, 5), (29, 5), (35, 5), (41, 5), (47, 5)]
2024-05-26 19:09:36,253 - DEBUG - Episode 8: Valid cooks for cuisine 2: [(1, 2), (10, 2), (15, 2), (22, 2), (30, 2), (36, 2), (45, 2), (49, 2)]
2024-05-26 19:09:36,253 - DEBUG - Episode 8: Valid cooks for cuisine 6: [(5, 6), (9, 6), (18, 6), (24, 6), (28, 6), (38, 6), (42, 6), (49, 6)]
2024-05-26 19:09:36,253 - DEBUG - Episode 8: Valid cooks for cuisine 13: [(1, 13), (16, 13), (24, 13), (28, 13), (41, 13), (45, 13), (51, 13)]
2024-05-26 19:09:36,253 - DEBUG - Episode 8: Valid cooks for cuisine 20: []
2024-05-26 19:09:36,254 - WARNING - No cooks found with expertise in cuisine ID: 20
2024-05-26 19:09:36,254 - DEBUG - Episode 8: Valid cooks for cuisine 14: [(5, 14), (11, 14), (31, 14), (39, 14), (47, 14)]
2024-05-26 19:09:36,254 - DEBUG - Episode 8: Valid cooks for cuisine 1: [(3, 1), (6, 1), (12, 1), (19, 1), (23, 1), (31, 1), (34, 1), (43, 1)]
2024-05-26 19:09:36,254 - DEBUG - Episode 8: Valid cooks for cuisine 11: [(13, 11), (16, 11), (22, 11), (29, 11), (36, 11), (41, 11), (50, 11)]
2024-05-26 19:09:36,254 - DEBUG - Episode 8: Valid cooks for cuisine 12: [(4, 12), (8, 12), (19, 12), (25, 12), (32, 12), (40, 12), (44, 12)]
2024-05-26 19:09:36,255 - DEBUG - Episode 8: Valid cooks for cuisine 6: [(5, 6), (9, 6), (18, 6), (24, 6), (28, 6), (38, 6), (42, 6), (49, 6)]
2024-05-26 19:09:36,255 - DEBUG - Episode 8: Selected cooks: [41, 22, 38, 45, 11, 12, 29, 32, 49]
2024-05-26 19:09:36,266 - INFO - Episode 8 for season 1 created successfully.
2024-05-26 19:09:36,266 - DEBUG - Episode 9: Selected cuisines: [18, 13, 18, 14, 18, 11, 9, 16, 1, 6]
2024-05-26 19:09:36,267 - DEBUG - Episode 9: Valid recipes for cuisine 18: [(111, 18), (112, 18), (113, 18), (114, 18)]
2024-05-26 19:09:36,267 - DEBUG - Episode 9: Valid recipes for cuisine 13: [(91, 13), (92, 13), (93, 13), (94, 13)]
2024-05-26 19:09:36,267 - DEBUG - Episode 9: Valid recipes for cuisine 18: [(111, 18), (112, 18), (113, 18), (114, 18)]
2024-05-26 19:09:36,268 - DEBUG - Episode 9: Valid recipes for cuisine 14: [(95, 14), (96, 14), (97, 14), (98, 14)]
2024-05-26 19:09:36,268 - DEBUG - Episode 9: Valid recipes for cuisine 18: [(111, 18), (112, 18), (113, 18), (114, 18)]
2024-05-26 19:09:36,268 - DEBUG - Episode 9: Valid recipes for cuisine 11: [(11, 11), (49, 11)]
2024-05-26 19:09:36,269 - DEBUG - Episode 9: Valid recipes for cuisine 9: [(1, 9), (10, 9), (16, 9), (23, 9), (28, 9), (48, 9), (50, 9), (51, 9), (52, 9), (60, 9), (65, 9), (66, 9), (67, 9), (69, 9), (70, 9), (74, 9), (77, 9), (78, 9), (80, 9), (86, 9)]
2024-05-26 19:09:36,269 - DEBUG - Episode 9: Valid recipes for cuisine 16: [(103, 16), (104, 16), (105, 16), (106, 16)]
2024-05-26 19:09:36,269 - DEBUG - Episode 9: Valid recipes for cuisine 1: [(22, 1), (62, 1)]
2024-05-26 19:09:36,270 - DEBUG - Episode 9: Valid recipes for cuisine 6: [(38, 6), (55, 6)]
2024-05-26 19:09:36,270 - DEBUG - Episode 9: Selected recipes: [111, 93, 113, 95, 112, 11, 86, 104, 62, 38]
2024-05-26 19:09:36,270 - DEBUG - Episode 9: Valid cooks for cuisine 18: [(5, 18), (17, 18), (23, 18), (33, 18), (37, 18), (43, 18), (48, 18)]
2024-05-26 19:09:36,271 - DEBUG - Episode 9: Valid cooks for cuisine 13: [(1, 13), (16, 13), (24, 13), (28, 13), (41, 13), (45, 13), (51, 13)]
2024-05-26 19:09:36,271 - DEBUG - Episode 9: Valid cooks for cuisine 18: [(5, 18), (17, 18), (23, 18), (33, 18), (37, 18), (43, 18), (48, 18)]
2024-05-26 19:09:36,271 - DEBUG - Episode 9: Valid cooks for cuisine 14: [(5, 14), (11, 14), (31, 14), (39, 14), (47, 14)]
2024-05-26 19:09:36,271 - DEBUG - Episode 9: Valid cooks for cuisine 18: [(5, 18), (17, 18), (23, 18), (33, 18), (37, 18), (43, 18), (48, 18)]
2024-05-26 19:09:36,271 - DEBUG - Episode 9: Valid cooks for cuisine 11: [(13, 11), (16, 11), (22, 11), (29, 11), (36, 11), (41, 11), (50, 11)]
2024-05-26 19:09:36,272 - DEBUG - Episode 9: Valid cooks for cuisine 9: [(1, 9), (10, 9), (15, 9), (21, 9), (29, 9), (37, 9), (46, 9), (51, 9)]
2024-05-26 19:09:36,272 - DEBUG - Episode 9: Valid cooks for cuisine 16: [(2, 16), (12, 16), (20, 16), (27, 16), (40, 16), (47, 16)]
2024-05-26 19:09:36,273 - DEBUG - Episode 9: Valid cooks for cuisine 1: [(3, 1), (6, 1), (12, 1), (19, 1), (23, 1), (31, 1), (34, 1), (43, 1)]
2024-05-26 19:09:36,273 - DEBUG - Episode 9: Valid cooks for cuisine 6: [(5, 6), (9, 6), (18, 6), (24, 6), (28, 6), (38, 6), (42, 6), (49, 6)]
2024-05-26 19:09:36,273 - DEBUG - Episode 9: Selected cooks: [48, 51, 33, 11, 33, 22, 15, 40, 31, 24]
2024-05-26 19:09:36,277 - ERROR - Error while creating episode 9 for season 1: 1062 (23000): Duplicate entry '9-33' for key 'PRIMARY'
2024-05-26 19:09:36,278 - DEBUG - Episode 10: Selected cuisines: [3, 18, 14, 10, 2, 2, 16, 2, 16, 12]
2024-05-26 19:09:36,278 - DEBUG - Episode 10: Valid recipes for cuisine 3: [(59, 3), (81, 3)]
2024-05-26 19:09:36,278 - DEBUG - Episode 10: Valid recipes for cuisine 18: [(111, 18), (112, 18), (113, 18), (114, 18)]
2024-05-26 19:09:36,278 - DEBUG - Episode 10: Valid recipes for cuisine 14: [(95, 14), (96, 14), (97, 14), (98, 14)]
2024-05-26 19:09:36,279 - DEBUG - Episode 10: Valid recipes for cuisine 10: [(8, 10), (17, 10), (31, 10)]
2024-05-26 19:09:36,279 - DEBUG - Episode 10: Valid recipes for cuisine 2: [(6, 2), (13, 2), (20, 2), (35, 2), (37, 2), (39, 2), (43, 2), (47, 2), (53, 2), (57, 2), (58, 2), (63, 2), (68, 2), (71, 2), (72, 2), (83, 2)]
2024-05-26 19:09:36,279 - DEBUG - Episode 10: Valid recipes for cuisine 2: [(6, 2), (13, 2), (20, 2), (35, 2), (37, 2), (39, 2), (43, 2), (47, 2), (53, 2), (57, 2), (58, 2), (63, 2), (68, 2), (71, 2), (72, 2), (83, 2)]
2024-05-26 19:09:36,280 - DEBUG - Episode 10: Valid recipes for cuisine 16: [(103, 16), (104, 16), (105, 16), (106, 16)]
2024-05-26 19:09:36,280 - DEBUG - Episode 10: Valid recipes for cuisine 2: [(6, 2), (13, 2), (20, 2), (35, 2), (37, 2), (39, 2), (43, 2), (47, 2), (53, 2), (57, 2), (58, 2), (63, 2), (68, 2), (71, 2), (72, 2), (83, 2)]
2024-05-26 19:09:36,280 - DEBUG - Episode 10: Valid recipes for cuisine 16: [(103, 16), (104, 16), (105, 16), (106, 16)]
2024-05-26 19:09:36,280 - DEBUG - Episode 10: Valid recipes for cuisine 12: [(87, 12), (88, 12), (89, 12), (90, 12)]
2024-05-26 19:09:36,281 - DEBUG - Episode 10: Selected recipes: [81, 113, 96, 17, 57, 20, 103, 53, 105, 90]
2024-05-26 19:09:36,281 - DEBUG - Episode 10: Valid cooks for cuisine 3: [(2, 3), (11, 3), (17, 3), (26, 3), (32, 3), (38, 3), (45, 3), (51, 3)]
2024-05-26 19:09:36,281 - DEBUG - Episode 10: Valid cooks for cuisine 18: [(5, 18), (17, 18), (23, 18), (33, 18), (37, 18), (43, 18), (48, 18)]
2024-05-26 19:09:36,281 - DEBUG - Episode 10: Valid cooks for cuisine 14: [(5, 14), (11, 14), (31, 14), (39, 14), (47, 14)]
2024-05-26 19:09:36,281 - DEBUG - Episode 10: Valid cooks for cuisine 10: [(2, 10), (8, 10), (14, 10), (26, 10), (33, 10), (37, 10), (44, 10), (50, 10)]
2024-05-26 19:09:36,282 - DEBUG - Episode 10: Valid cooks for cuisine 2: [(1, 2), (10, 2), (15, 2), (22, 2), (30, 2), (36, 2), (45, 2), (49, 2)]
2024-05-26 19:09:36,282 - DEBUG - Episode 10: Valid cooks for cuisine 2: [(1, 2), (10, 2), (15, 2), (22, 2), (30, 2), (36, 2), (45, 2), (49, 2)]
2024-05-26 19:09:36,282 - DEBUG - Episode 10: Valid cooks for cuisine 16: [(2, 16), (12, 16), (20, 16), (27, 16), (40, 16), (47, 16)]
2024-05-26 19:09:36,282 - DEBUG - Episode 10: Valid cooks for cuisine 2: [(1, 2), (10, 2), (15, 2), (22, 2), (30, 2), (36, 2), (45, 2), (49, 2)]
2024-05-26 19:09:36,282 - DEBUG - Episode 10: Valid cooks for cuisine 16: [(2, 16), (12, 16), (20, 16), (27, 16), (40, 16), (47, 16)]
2024-05-26 19:09:36,283 - DEBUG - Episode 10: Valid cooks for cuisine 12: [(4, 12), (8, 12), (19, 12), (25, 12), (32, 12), (40, 12), (44, 12)]
2024-05-26 19:09:36,283 - DEBUG - Episode 10: Selected cooks: [26, 5, 11, 37, 15, 15, 47, 45, 40, 32]
2024-05-26 19:09:36,289 - ERROR - Error while creating episode 10 for season 1: 1062 (23000): Duplicate entry '10-15' for key 'PRIMARY'
2024-05-26 19:13:41,407 - DEBUG - # _do_auth(): self._auth_plugin: 
2024-05-26 19:13:41,408 - INFO - package: mysql.connector.plugins
2024-05-26 19:13:41,408 - INFO - plugin_name: mysql_native_password
2024-05-26 19:13:41,412 - INFO - AUTHENTICATION_PLUGIN_CLASS: MySQLNativePasswordAuthPlugin
2024-05-26 19:13:41,412 - DEBUG - new_auth_plugin: mysql_native_password
2024-05-26 19:13:41,413 - INFO - Successfully connected to the database with mysql.connector
2024-05-26 19:13:41,416 - DEBUG - Episode 1: Selected cuisines: [4, 18, 17, 15, 3, 6, 9, 19, 12, 18]
2024-05-26 19:13:41,417 - DEBUG - Episode 1: Valid recipes for cuisine 4: [(2, 4)]
2024-05-26 19:13:41,417 - DEBUG - Episode 1: Valid recipes for cuisine 18: [(111, 18), (112, 18), (113, 18), (114, 18)]
2024-05-26 19:13:41,418 - DEBUG - Episode 1: Valid recipes for cuisine 17: [(107, 17), (108, 17), (109, 17), (110, 17)]
2024-05-26 19:13:41,418 - DEBUG - Episode 1: Valid recipes for cuisine 15: [(99, 15), (100, 15), (101, 15), (102, 15)]
2024-05-26 19:13:41,419 - DEBUG - Episode 1: Valid recipes for cuisine 3: [(59, 3), (81, 3)]
2024-05-26 19:13:41,419 - DEBUG - Episode 1: Valid recipes for cuisine 6: [(38, 6), (55, 6)]
2024-05-26 19:13:41,419 - DEBUG - Episode 1: Valid recipes for cuisine 9: [(1, 9), (10, 9), (16, 9), (23, 9), (28, 9), (48, 9), (50, 9), (51, 9), (52, 9), (60, 9), (65, 9), (66, 9), (67, 9), (69, 9), (70, 9), (74, 9), (77, 9), (78, 9), (80, 9), (86, 9)]
2024-05-26 19:13:41,420 - DEBUG - Episode 1: Valid recipes for cuisine 19: [(115, 19), (116, 19), (117, 19), (118, 19)]
2024-05-26 19:13:41,420 - DEBUG - Episode 1: Valid recipes for cuisine 12: [(87, 12), (88, 12), (89, 12), (90, 12)]
2024-05-26 19:13:41,420 - DEBUG - Episode 1: Valid recipes for cuisine 18: [(111, 18), (112, 18), (113, 18), (114, 18)]
2024-05-26 19:13:41,420 - DEBUG - Episode 1: Selected recipes: [2, 112, 108, 99, 81, 38, 28, 118, 90, 111]
2024-05-26 19:13:41,421 - DEBUG - Episode 1: Valid cooks for cuisine 4: [(7, 4), (13, 4), (20, 4), (25, 4), (31, 4), (40, 4), (48, 4)]
2024-05-26 19:13:41,421 - DEBUG - Episode 1: Valid cooks for cuisine 18: [(5, 18), (17, 18), (23, 18), (33, 18), (37, 18), (43, 18), (48, 18)]
2024-05-26 19:13:41,421 - DEBUG - Episode 1: Valid cooks for cuisine 17: [(9, 17), (18, 17), (24, 17), (34, 17)]
2024-05-26 19:13:41,421 - DEBUG - Episode 1: Valid cooks for cuisine 15: [(7, 15), (12, 15), (21, 15), (26, 15), (32, 15), (38, 15), (46, 15)]
2024-05-26 19:13:41,422 - DEBUG - Episode 1: Valid cooks for cuisine 3: [(2, 3), (11, 3), (17, 3), (26, 3), (32, 3), (38, 3), (45, 3), (51, 3)]
2024-05-26 19:13:41,422 - DEBUG - Episode 1: Valid cooks for cuisine 6: [(5, 6), (9, 6), (18, 6), (24, 6), (28, 6), (38, 6), (42, 6), (49, 6)]
2024-05-26 19:13:41,422 - DEBUG - Episode 1: Valid cooks for cuisine 9: [(1, 9), (10, 9), (15, 9), (21, 9), (29, 9), (37, 9), (46, 9), (51, 9)]
2024-05-26 19:13:41,422 - DEBUG - Episode 1: Valid cooks for cuisine 19: [(3, 19), (6, 19), (14, 19), (27, 19), (30, 19), (35, 19), (42, 19)]
2024-05-26 19:13:41,423 - DEBUG - Episode 1: Valid cooks for cuisine 12: [(4, 12), (8, 12), (19, 12), (25, 12), (32, 12), (40, 12), (44, 12)]
2024-05-26 19:13:41,423 - DEBUG - Episode 1: Valid cooks for cuisine 18: [(5, 18), (17, 18), (23, 18), (33, 18), (37, 18), (43, 18), (48, 18)]
2024-05-26 19:13:41,423 - DEBUG - Episode 1: Selected cooks: [48, 5, 34, 46, 45, 24, 37, 42, 44, 37]
2024-05-26 19:13:41,477 - ERROR - Error while creating episode 1 for season 2: 1062 (23000): Duplicate entry '11-37' for key 'PRIMARY'
2024-05-26 19:13:41,477 - DEBUG - Episode 2: Selected cuisines: [14, 17, 4, 1, 17, 14, 17, 17, 16, 18]
2024-05-26 19:13:41,478 - DEBUG - Episode 2: Valid recipes for cuisine 14: [(95, 14), (96, 14), (97, 14), (98, 14)]
2024-05-26 19:13:41,478 - DEBUG - Episode 2: Valid recipes for cuisine 17: [(107, 17), (108, 17), (109, 17), (110, 17)]
2024-05-26 19:13:41,478 - DEBUG - Episode 2: Valid recipes for cuisine 4: [(2, 4)]
2024-05-26 19:13:41,479 - DEBUG - Episode 2: Valid recipes for cuisine 1: [(22, 1), (62, 1)]
2024-05-26 19:13:41,479 - DEBUG - Episode 2: Valid recipes for cuisine 17: [(107, 17), (108, 17), (109, 17), (110, 17)]
2024-05-26 19:13:41,479 - DEBUG - Episode 2: Valid recipes for cuisine 14: [(95, 14), (96, 14), (97, 14), (98, 14)]
2024-05-26 19:13:41,479 - DEBUG - Episode 2: Valid recipes for cuisine 17: [(107, 17), (108, 17), (109, 17), (110, 17)]
2024-05-26 19:13:41,480 - DEBUG - Episode 2: Valid recipes for cuisine 17: [(107, 17), (108, 17), (109, 17), (110, 17)]
2024-05-26 19:13:41,480 - DEBUG - Episode 2: Valid recipes for cuisine 16: [(103, 16), (104, 16), (105, 16), (106, 16)]
2024-05-26 19:13:41,480 - DEBUG - Episode 2: Valid recipes for cuisine 18: [(111, 18), (112, 18), (113, 18), (114, 18)]
2024-05-26 19:13:41,480 - DEBUG - Episode 2: Selected recipes: [97, 109, 2, 22, 107, 98, 110, 110, 105, 111]
2024-05-26 19:13:41,481 - DEBUG - Episode 2: Valid cooks for cuisine 14: [(5, 14), (11, 14), (31, 14), (39, 14), (47, 14)]
2024-05-26 19:13:41,481 - DEBUG - Episode 2: Valid cooks for cuisine 17: [(9, 17), (18, 17), (24, 17), (34, 17)]
2024-05-26 19:13:41,481 - DEBUG - Episode 2: Valid cooks for cuisine 4: [(7, 4), (13, 4), (20, 4), (25, 4), (31, 4), (40, 4), (48, 4)]
2024-05-26 19:13:41,481 - DEBUG - Episode 2: Valid cooks for cuisine 1: [(3, 1), (6, 1), (12, 1), (19, 1), (23, 1), (31, 1), (34, 1), (43, 1)]
2024-05-26 19:13:41,481 - DEBUG - Episode 2: Valid cooks for cuisine 17: [(9, 17), (18, 17), (24, 17), (34, 17)]
2024-05-26 19:13:41,482 - DEBUG - Episode 2: Valid cooks for cuisine 14: [(5, 14), (11, 14), (31, 14), (39, 14), (47, 14)]
2024-05-26 19:13:41,482 - DEBUG - Episode 2: Valid cooks for cuisine 17: [(9, 17), (18, 17), (24, 17), (34, 17)]
2024-05-26 19:13:41,482 - DEBUG - Episode 2: Valid cooks for cuisine 17: [(9, 17), (18, 17), (24, 17), (34, 17)]
2024-05-26 19:13:41,482 - DEBUG - Episode 2: Valid cooks for cuisine 16: [(2, 16), (12, 16), (20, 16), (27, 16), (40, 16), (47, 16)]
2024-05-26 19:13:41,482 - DEBUG - Episode 2: Valid cooks for cuisine 18: [(5, 18), (17, 18), (23, 18), (33, 18), (37, 18), (43, 18), (48, 18)]
2024-05-26 19:13:41,482 - DEBUG - Episode 2: Selected cooks: [31, 18, 31, 31, 34, 47, 18, 24, 27, 23]
2024-05-26 19:13:41,487 - ERROR - Error while creating episode 2 for season 2: 1062 (23000): Duplicate entry '12-31' for key 'PRIMARY'
2024-05-26 19:13:41,487 - DEBUG - Episode 3: Selected cuisines: [2, 8, 2, 16, 9, 15, 20, 11, 3, 20]
2024-05-26 19:13:41,488 - DEBUG - Episode 3: Valid recipes for cuisine 2: [(6, 2), (13, 2), (20, 2), (35, 2), (37, 2), (39, 2), (43, 2), (47, 2), (53, 2), (57, 2), (58, 2), (63, 2), (68, 2), (71, 2), (72, 2), (83, 2)]
2024-05-26 19:13:41,488 - DEBUG - Episode 3: Valid recipes for cuisine 8: [(85, 8)]
2024-05-26 19:13:41,488 - DEBUG - Episode 3: Valid recipes for cuisine 2: [(6, 2), (13, 2), (20, 2), (35, 2), (37, 2), (39, 2), (43, 2), (47, 2), (53, 2), (57, 2), (58, 2), (63, 2), (68, 2), (71, 2), (72, 2), (83, 2)]
2024-05-26 19:13:41,489 - DEBUG - Episode 3: Valid recipes for cuisine 16: [(103, 16), (104, 16), (105, 16), (106, 16)]
2024-05-26 19:13:41,489 - DEBUG - Episode 3: Valid recipes for cuisine 9: [(1, 9), (10, 9), (16, 9), (23, 9), (28, 9), (48, 9), (50, 9), (51, 9), (52, 9), (60, 9), (65, 9), (66, 9), (67, 9), (69, 9), (70, 9), (74, 9), (77, 9), (78, 9), (80, 9), (86, 9)]
2024-05-26 19:13:41,489 - DEBUG - Episode 3: Valid recipes for cuisine 15: [(99, 15), (100, 15), (101, 15), (102, 15)]
2024-05-26 19:13:41,490 - DEBUG - Episode 3: Valid recipes for cuisine 20: [(119, 20), (120, 20), (121, 20), (122, 20)]
2024-05-26 19:13:41,490 - DEBUG - Episode 3: Valid recipes for cuisine 11: [(11, 11), (49, 11)]
2024-05-26 19:13:41,490 - DEBUG - Episode 3: Valid recipes for cuisine 3: [(59, 3), (81, 3)]
2024-05-26 19:13:41,490 - DEBUG - Episode 3: Valid recipes for cuisine 20: [(119, 20), (120, 20), (121, 20), (122, 20)]
2024-05-26 19:13:41,490 - DEBUG - Episode 3: Selected recipes: [68, 85, 20, 104, 70, 100, 121, 11, 81, 119]
2024-05-26 19:13:41,491 - DEBUG - Episode 3: Valid cooks for cuisine 2: [(1, 2), (10, 2), (15, 2), (22, 2), (30, 2), (36, 2), (45, 2), (49, 2)]
2024-05-26 19:13:41,491 - DEBUG - Episode 3: Valid cooks for cuisine 8: [(11, 8), (25, 8), (30, 8), (33, 8), (39, 8), (43, 8), (50, 8)]
2024-05-26 19:13:41,491 - DEBUG - Episode 3: Valid cooks for cuisine 2: [(1, 2), (10, 2), (15, 2), (22, 2), (30, 2), (36, 2), (45, 2), (49, 2)]
2024-05-26 19:13:41,491 - DEBUG - Episode 3: Valid cooks for cuisine 16: [(2, 16), (12, 16), (20, 16), (27, 16), (40, 16), (47, 16)]
2024-05-26 19:13:41,491 - DEBUG - Episode 3: Valid cooks for cuisine 9: [(1, 9), (10, 9), (15, 9), (21, 9), (29, 9), (37, 9), (46, 9), (51, 9)]
2024-05-26 19:13:41,492 - DEBUG - Episode 3: Valid cooks for cuisine 15: [(7, 15), (12, 15), (21, 15), (26, 15), (32, 15), (38, 15), (46, 15)]
2024-05-26 19:13:41,492 - DEBUG - Episode 3: Valid cooks for cuisine 20: []
2024-05-26 19:13:41,492 - WARNING - No cooks found with expertise in cuisine ID: 20
2024-05-26 19:13:41,492 - DEBUG - Episode 3: Valid cooks for cuisine 11: [(13, 11), (16, 11), (22, 11), (29, 11), (36, 11), (41, 11), (50, 11)]
2024-05-26 19:13:41,493 - DEBUG - Episode 3: Valid cooks for cuisine 3: [(2, 3), (11, 3), (17, 3), (26, 3), (32, 3), (38, 3), (45, 3), (51, 3)]
2024-05-26 19:13:41,493 - DEBUG - Episode 3: Valid cooks for cuisine 20: []
2024-05-26 19:13:41,493 - WARNING - No cooks found with expertise in cuisine ID: 20
2024-05-26 19:13:41,493 - DEBUG - Episode 3: Selected cooks: [1, 25, 22, 47, 46, 21, 13, 17]
2024-05-26 19:13:41,507 - INFO - Episode 3 for season 2 created successfully.
2024-05-26 19:13:41,507 - DEBUG - Episode 4: Selected cuisines: [5, 3, 5, 15, 6, 10, 11, 9, 13, 6]
2024-05-26 19:13:41,508 - DEBUG - Episode 4: Valid recipes for cuisine 5: [(3, 5), (4, 5), (7, 5), (14, 5), (25, 5), (30, 5), (33, 5), (36, 5), (41, 5), (44, 5), (45, 5), (46, 5), (54, 5), (61, 5), (73, 5), (76, 5), (82, 5), (84, 5)]
2024-05-26 19:13:41,509 - DEBUG - Episode 4: Valid recipes for cuisine 3: [(59, 3), (81, 3)]
2024-05-26 19:13:41,509 - DEBUG - Episode 4: Valid recipes for cuisine 5: [(3, 5), (4, 5), (7, 5), (14, 5), (25, 5), (30, 5), (33, 5), (36, 5), (41, 5), (44, 5), (45, 5), (46, 5), (54, 5), (61, 5), (73, 5), (76, 5), (82, 5), (84, 5)]
2024-05-26 19:13:41,510 - DEBUG - Episode 4: Valid recipes for cuisine 15: [(99, 15), (100, 15), (101, 15), (102, 15)]
2024-05-26 19:13:41,510 - DEBUG - Episode 4: Valid recipes for cuisine 6: [(38, 6), (55, 6)]
2024-05-26 19:13:41,510 - DEBUG - Episode 4: Valid recipes for cuisine 10: [(8, 10), (17, 10), (31, 10)]
2024-05-26 19:13:41,511 - DEBUG - Episode 4: Valid recipes for cuisine 11: [(11, 11), (49, 11)]
2024-05-26 19:13:41,511 - DEBUG - Episode 4: Valid recipes for cuisine 9: [(1, 9), (10, 9), (16, 9), (23, 9), (28, 9), (48, 9), (50, 9), (51, 9), (52, 9), (60, 9), (65, 9), (66, 9), (67, 9), (69, 9), (70, 9), (74, 9), (77, 9), (78, 9), (80, 9), (86, 9)]
2024-05-26 19:13:41,511 - DEBUG - Episode 4: Valid recipes for cuisine 13: [(91, 13), (92, 13), (93, 13), (94, 13)]
2024-05-26 19:13:41,511 - DEBUG - Episode 4: Valid recipes for cuisine 6: [(38, 6), (55, 6)]
2024-05-26 19:13:41,512 - DEBUG - Episode 4: Selected recipes: [82, 81, 45, 102, 38, 17, 11, 28, 94, 55]
2024-05-26 19:13:41,512 - DEBUG - Episode 4: Valid cooks for cuisine 5: [(4, 5), (9, 5), (16, 5), (23, 5), (29, 5), (35, 5), (41, 5), (47, 5)]
2024-05-26 19:13:41,512 - DEBUG - Episode 4: Valid cooks for cuisine 3: [(2, 3), (11, 3), (17, 3), (26, 3), (32, 3), (38, 3), (45, 3), (51, 3)]
2024-05-26 19:13:41,513 - DEBUG - Episode 4: Valid cooks for cuisine 5: [(4, 5), (9, 5), (16, 5), (23, 5), (29, 5), (35, 5), (41, 5), (47, 5)]
2024-05-26 19:13:41,513 - DEBUG - Episode 4: Valid cooks for cuisine 15: [(7, 15), (12, 15), (21, 15), (26, 15), (32, 15), (38, 15), (46, 15)]
2024-05-26 19:13:41,513 - DEBUG - Episode 4: Valid cooks for cuisine 6: [(5, 6), (9, 6), (18, 6), (24, 6), (28, 6), (38, 6), (42, 6), (49, 6)]
2024-05-26 19:13:41,514 - DEBUG - Episode 4: Valid cooks for cuisine 10: [(2, 10), (8, 10), (14, 10), (26, 10), (33, 10), (37, 10), (44, 10), (50, 10)]
2024-05-26 19:13:41,514 - DEBUG - Episode 4: Valid cooks for cuisine 11: [(13, 11), (16, 11), (22, 11), (29, 11), (36, 11), (41, 11), (50, 11)]
2024-05-26 19:13:41,514 - DEBUG - Episode 4: Valid cooks for cuisine 9: [(1, 9), (10, 9), (15, 9), (21, 9), (29, 9), (37, 9), (46, 9), (51, 9)]
2024-05-26 19:13:41,514 - DEBUG - Episode 4: Valid cooks for cuisine 13: [(1, 13), (16, 13), (24, 13), (28, 13), (41, 13), (45, 13), (51, 13)]
2024-05-26 19:13:41,515 - DEBUG - Episode 4: Valid cooks for cuisine 6: [(5, 6), (9, 6), (18, 6), (24, 6), (28, 6), (38, 6), (42, 6), (49, 6)]
2024-05-26 19:13:41,515 - DEBUG - Episode 4: Selected cooks: [35, 26, 29, 26, 49, 8, 36, 21, 28, 42]
2024-05-26 19:13:41,520 - ERROR - Error while creating episode 4 for season 2: 1062 (23000): Duplicate entry '14-26' for key 'PRIMARY'
2024-05-26 19:13:41,520 - DEBUG - Episode 5: Selected cuisines: [18, 7, 15, 18, 18, 20, 1, 8, 7, 7]
2024-05-26 19:13:41,521 - DEBUG - Episode 5: Valid recipes for cuisine 18: [(111, 18), (112, 18), (113, 18), (114, 18)]
2024-05-26 19:13:41,521 - DEBUG - Episode 5: Valid recipes for cuisine 7: [(5, 7), (9, 7), (12, 7), (15, 7), (18, 7), (19, 7), (21, 7), (24, 7), (26, 7), (27, 7), (29, 7), (32, 7), (34, 7), (40, 7), (42, 7), (56, 7), (64, 7), (75, 7), (79, 7)]
2024-05-26 19:13:41,522 - DEBUG - Episode 5: Valid recipes for cuisine 15: [(99, 15), (100, 15), (101, 15), (102, 15)]
2024-05-26 19:13:41,522 - DEBUG - Episode 5: Valid recipes for cuisine 18: [(111, 18), (112, 18), (113, 18), (114, 18)]
2024-05-26 19:13:41,522 - DEBUG - Episode 5: Valid recipes for cuisine 18: [(111, 18), (112, 18), (113, 18), (114, 18)]
2024-05-26 19:13:41,522 - DEBUG - Episode 5: Valid recipes for cuisine 20: [(119, 20), (120, 20), (121, 20), (122, 20)]
2024-05-26 19:13:41,523 - DEBUG - Episode 5: Valid recipes for cuisine 1: [(22, 1), (62, 1)]
2024-05-26 19:13:41,523 - DEBUG - Episode 5: Valid recipes for cuisine 8: [(85, 8)]
2024-05-26 19:13:41,523 - DEBUG - Episode 5: Valid recipes for cuisine 7: [(5, 7), (9, 7), (12, 7), (15, 7), (18, 7), (19, 7), (21, 7), (24, 7), (26, 7), (27, 7), (29, 7), (32, 7), (34, 7), (40, 7), (42, 7), (56, 7), (64, 7), (75, 7), (79, 7)]
2024-05-26 19:13:41,524 - DEBUG - Episode 5: Valid recipes for cuisine 7: [(5, 7), (9, 7), (12, 7), (15, 7), (18, 7), (19, 7), (21, 7), (24, 7), (26, 7), (27, 7), (29, 7), (32, 7), (34, 7), (40, 7), (42, 7), (56, 7), (64, 7), (75, 7), (79, 7)]
2024-05-26 19:13:41,524 - DEBUG - Episode 5: Selected recipes: [111, 27, 101, 113, 113, 119, 62, 85, 42, 24]
2024-05-26 19:13:41,524 - DEBUG - Episode 5: Valid cooks for cuisine 18: [(5, 18), (17, 18), (23, 18), (33, 18), (37, 18), (43, 18), (48, 18)]
2024-05-26 19:13:41,525 - DEBUG - Episode 5: Valid cooks for cuisine 7: [(6, 7), (13, 7), (21, 7), (27, 7), (36, 7), (42, 7), (46, 7)]
2024-05-26 19:13:41,525 - DEBUG - Episode 5: Valid cooks for cuisine 15: [(7, 15), (12, 15), (21, 15), (26, 15), (32, 15), (38, 15), (46, 15)]
2024-05-26 19:13:41,525 - DEBUG - Episode 5: Valid cooks for cuisine 18: [(5, 18), (17, 18), (23, 18), (33, 18), (37, 18), (43, 18), (48, 18)]
2024-05-26 19:13:41,525 - DEBUG - Episode 5: Valid cooks for cuisine 18: [(5, 18), (17, 18), (23, 18), (33, 18), (37, 18), (43, 18), (48, 18)]
2024-05-26 19:13:41,526 - DEBUG - Episode 5: Valid cooks for cuisine 20: []
2024-05-26 19:13:41,526 - WARNING - No cooks found with expertise in cuisine ID: 20
2024-05-26 19:13:41,526 - DEBUG - Episode 5: Valid cooks for cuisine 1: [(3, 1), (6, 1), (12, 1), (19, 1), (23, 1), (31, 1), (34, 1), (43, 1)]
2024-05-26 19:13:41,526 - DEBUG - Episode 5: Valid cooks for cuisine 8: [(11, 8), (25, 8), (30, 8), (33, 8), (39, 8), (43, 8), (50, 8)]
2024-05-26 19:13:41,527 - DEBUG - Episode 5: Valid cooks for cuisine 7: [(6, 7), (13, 7), (21, 7), (27, 7), (36, 7), (42, 7), (46, 7)]
2024-05-26 19:13:41,527 - DEBUG - Episode 5: Valid cooks for cuisine 7: [(6, 7), (13, 7), (21, 7), (27, 7), (36, 7), (42, 7), (46, 7)]
2024-05-26 19:13:41,527 - DEBUG - Episode 5: Selected cooks: [17, 13, 46, 33, 5, 6, 25, 13, 36]
2024-05-26 19:13:41,534 - ERROR - Error while creating episode 5 for season 2: 1062 (23000): Duplicate entry '15-13' for key 'PRIMARY'
2024-05-26 19:13:41,534 - DEBUG - Episode 6: Selected cuisines: [16, 4, 17, 18, 14, 2, 1, 12, 7, 4]
2024-05-26 19:13:41,534 - DEBUG - Episode 6: Valid recipes for cuisine 16: [(103, 16), (104, 16), (105, 16), (106, 16)]
2024-05-26 19:13:41,534 - DEBUG - Episode 6: Valid recipes for cuisine 4: [(2, 4)]
2024-05-26 19:13:41,535 - DEBUG - Episode 6: Valid recipes for cuisine 17: [(107, 17), (108, 17), (109, 17), (110, 17)]
2024-05-26 19:13:41,535 - DEBUG - Episode 6: Valid recipes for cuisine 18: [(111, 18), (112, 18), (113, 18), (114, 18)]
2024-05-26 19:13:41,535 - DEBUG - Episode 6: Valid recipes for cuisine 14: [(95, 14), (96, 14), (97, 14), (98, 14)]
2024-05-26 19:13:41,535 - DEBUG - Episode 6: Valid recipes for cuisine 2: [(6, 2), (13, 2), (20, 2), (35, 2), (37, 2), (39, 2), (43, 2), (47, 2), (53, 2), (57, 2), (58, 2), (63, 2), (68, 2), (71, 2), (72, 2), (83, 2)]
2024-05-26 19:13:41,536 - DEBUG - Episode 6: Valid recipes for cuisine 1: [(22, 1), (62, 1)]
2024-05-26 19:13:41,536 - DEBUG - Episode 6: Valid recipes for cuisine 12: [(87, 12), (88, 12), (89, 12), (90, 12)]
2024-05-26 19:13:41,536 - DEBUG - Episode 6: Valid recipes for cuisine 7: [(5, 7), (9, 7), (12, 7), (15, 7), (18, 7), (19, 7), (21, 7), (24, 7), (26, 7), (27, 7), (29, 7), (32, 7), (34, 7), (40, 7), (42, 7), (56, 7), (64, 7), (75, 7), (79, 7)]
2024-05-26 19:13:41,536 - DEBUG - Episode 6: Valid recipes for cuisine 4: [(2, 4)]
2024-05-26 19:13:41,536 - DEBUG - Episode 6: Selected recipes: [103, 2, 107, 112, 98, 37, 22, 90, 56, 2]
2024-05-26 19:13:41,537 - DEBUG - Episode 6: Valid cooks for cuisine 16: [(2, 16), (12, 16), (20, 16), (27, 16), (40, 16), (47, 16)]
2024-05-26 19:13:41,537 - DEBUG - Episode 6: Valid cooks for cuisine 4: [(7, 4), (13, 4), (20, 4), (25, 4), (31, 4), (40, 4), (48, 4)]
2024-05-26 19:13:41,537 - DEBUG - Episode 6: Valid cooks for cuisine 17: [(9, 17), (18, 17), (24, 17), (34, 17)]
2024-05-26 19:13:41,537 - DEBUG - Episode 6: Valid cooks for cuisine 18: [(5, 18), (17, 18), (23, 18), (33, 18), (37, 18), (43, 18), (48, 18)]
2024-05-26 19:13:41,538 - DEBUG - Episode 6: Valid cooks for cuisine 14: [(5, 14), (11, 14), (31, 14), (39, 14), (47, 14)]
2024-05-26 19:13:41,538 - DEBUG - Episode 6: Valid cooks for cuisine 2: [(1, 2), (10, 2), (15, 2), (22, 2), (30, 2), (36, 2), (45, 2), (49, 2)]
2024-05-26 19:13:41,538 - DEBUG - Episode 6: Valid cooks for cuisine 1: [(3, 1), (6, 1), (12, 1), (19, 1), (23, 1), (31, 1), (34, 1), (43, 1)]
2024-05-26 19:13:41,538 - DEBUG - Episode 6: Valid cooks for cuisine 12: [(4, 12), (8, 12), (19, 12), (25, 12), (32, 12), (40, 12), (44, 12)]
2024-05-26 19:13:41,539 - DEBUG - Episode 6: Valid cooks for cuisine 7: [(6, 7), (13, 7), (21, 7), (27, 7), (36, 7), (42, 7), (46, 7)]
2024-05-26 19:13:41,539 - DEBUG - Episode 6: Valid cooks for cuisine 4: [(7, 4), (13, 4), (20, 4), (25, 4), (31, 4), (40, 4), (48, 4)]
2024-05-26 19:13:41,539 - DEBUG - Episode 6: Selected cooks: [27, 13, 34, 23, 5, 45, 31, 4, 21, 7]
2024-05-26 19:13:41,549 - INFO - Episode 6 for season 2 created successfully.
2024-05-26 19:13:41,549 - DEBUG - Episode 7: Selected cuisines: [17, 18, 15, 4, 9, 10, 9, 17, 11, 9]
2024-05-26 19:13:41,549 - DEBUG - Episode 7: Valid recipes for cuisine 17: [(107, 17), (108, 17), (109, 17), (110, 17)]
2024-05-26 19:13:41,550 - DEBUG - Episode 7: Valid recipes for cuisine 18: [(111, 18), (112, 18), (113, 18), (114, 18)]
2024-05-26 19:13:41,550 - DEBUG - Episode 7: Valid recipes for cuisine 15: [(99, 15), (100, 15), (101, 15), (102, 15)]
2024-05-26 19:13:41,550 - DEBUG - Episode 7: Valid recipes for cuisine 4: [(2, 4)]
2024-05-26 19:13:41,550 - DEBUG - Episode 7: Valid recipes for cuisine 9: [(1, 9), (10, 9), (16, 9), (23, 9), (28, 9), (48, 9), (50, 9), (51, 9), (52, 9), (60, 9), (65, 9), (66, 9), (67, 9), (69, 9), (70, 9), (74, 9), (77, 9), (78, 9), (80, 9), (86, 9)]
2024-05-26 19:13:41,551 - DEBUG - Episode 7: Valid recipes for cuisine 10: [(8, 10), (17, 10), (31, 10)]
2024-05-26 19:13:41,551 - DEBUG - Episode 7: Valid recipes for cuisine 9: [(1, 9), (10, 9), (16, 9), (23, 9), (28, 9), (48, 9), (50, 9), (51, 9), (52, 9), (60, 9), (65, 9), (66, 9), (67, 9), (69, 9), (70, 9), (74, 9), (77, 9), (78, 9), (80, 9), (86, 9)]
2024-05-26 19:13:41,551 - DEBUG - Episode 7: Valid recipes for cuisine 17: [(107, 17), (108, 17), (109, 17), (110, 17)]
2024-05-26 19:13:41,552 - DEBUG - Episode 7: Valid recipes for cuisine 11: [(11, 11), (49, 11)]
2024-05-26 19:13:41,552 - DEBUG - Episode 7: Valid recipes for cuisine 9: [(1, 9), (10, 9), (16, 9), (23, 9), (28, 9), (48, 9), (50, 9), (51, 9), (52, 9), (60, 9), (65, 9), (66, 9), (67, 9), (69, 9), (70, 9), (74, 9), (77, 9), (78, 9), (80, 9), (86, 9)]
2024-05-26 19:13:41,552 - DEBUG - Episode 7: Selected recipes: [110, 113, 102, 2, 60, 31, 1, 109, 11, 74]
2024-05-26 19:13:41,552 - DEBUG - Episode 7: Valid cooks for cuisine 17: [(9, 17), (18, 17), (24, 17), (34, 17)]
2024-05-26 19:13:41,552 - DEBUG - Episode 7: Valid cooks for cuisine 18: [(5, 18), (17, 18), (23, 18), (33, 18), (37, 18), (43, 18), (48, 18)]
2024-05-26 19:13:41,553 - DEBUG - Episode 7: Valid cooks for cuisine 15: [(7, 15), (12, 15), (21, 15), (26, 15), (32, 15), (38, 15), (46, 15)]
2024-05-26 19:13:41,553 - DEBUG - Episode 7: Valid cooks for cuisine 4: [(7, 4), (13, 4), (20, 4), (25, 4), (31, 4), (40, 4), (48, 4)]
2024-05-26 19:13:41,553 - DEBUG - Episode 7: Valid cooks for cuisine 9: [(1, 9), (10, 9), (15, 9), (21, 9), (29, 9), (37, 9), (46, 9), (51, 9)]
2024-05-26 19:13:41,553 - DEBUG - Episode 7: Valid cooks for cuisine 10: [(2, 10), (8, 10), (14, 10), (26, 10), (33, 10), (37, 10), (44, 10), (50, 10)]
2024-05-26 19:13:41,554 - DEBUG - Episode 7: Valid cooks for cuisine 9: [(1, 9), (10, 9), (15, 9), (21, 9), (29, 9), (37, 9), (46, 9), (51, 9)]
2024-05-26 19:13:41,554 - DEBUG - Episode 7: Valid cooks for cuisine 17: [(9, 17), (18, 17), (24, 17), (34, 17)]
2024-05-26 19:13:41,554 - DEBUG - Episode 7: Valid cooks for cuisine 11: [(13, 11), (16, 11), (22, 11), (29, 11), (36, 11), (41, 11), (50, 11)]
2024-05-26 19:13:41,554 - DEBUG - Episode 7: Valid cooks for cuisine 9: [(1, 9), (10, 9), (15, 9), (21, 9), (29, 9), (37, 9), (46, 9), (51, 9)]
2024-05-26 19:13:41,555 - DEBUG - Episode 7: Selected cooks: [34, 17, 32, 31, 15, 2, 46, 34, 50, 29]
2024-05-26 19:13:41,561 - ERROR - Error while creating episode 7 for season 2: 1062 (23000): Duplicate entry '17-34' for key 'PRIMARY'
2024-05-26 19:13:41,561 - DEBUG - Episode 8: Selected cuisines: [3, 17, 15, 3, 2, 4, 2, 19, 7, 1]
2024-05-26 19:13:41,561 - DEBUG - Episode 8: Valid recipes for cuisine 3: [(59, 3), (81, 3)]
2024-05-26 19:13:41,562 - DEBUG - Episode 8: Valid recipes for cuisine 17: [(107, 17), (108, 17), (109, 17), (110, 17)]
2024-05-26 19:13:41,562 - DEBUG - Episode 8: Valid recipes for cuisine 15: [(99, 15), (100, 15), (101, 15), (102, 15)]
2024-05-26 19:13:41,562 - DEBUG - Episode 8: Valid recipes for cuisine 3: [(59, 3), (81, 3)]
2024-05-26 19:13:41,562 - DEBUG - Episode 8: Valid recipes for cuisine 2: [(6, 2), (13, 2), (20, 2), (35, 2), (37, 2), (39, 2), (43, 2), (47, 2), (53, 2), (57, 2), (58, 2), (63, 2), (68, 2), (71, 2), (72, 2), (83, 2)]
2024-05-26 19:13:41,563 - DEBUG - Episode 8: Valid recipes for cuisine 4: [(2, 4)]
2024-05-26 19:13:41,563 - DEBUG - Episode 8: Valid recipes for cuisine 2: [(6, 2), (13, 2), (20, 2), (35, 2), (37, 2), (39, 2), (43, 2), (47, 2), (53, 2), (57, 2), (58, 2), (63, 2), (68, 2), (71, 2), (72, 2), (83, 2)]
2024-05-26 19:13:41,563 - DEBUG - Episode 8: Valid recipes for cuisine 19: [(115, 19), (116, 19), (117, 19), (118, 19)]
2024-05-26 19:13:41,563 - DEBUG - Episode 8: Valid recipes for cuisine 7: [(5, 7), (9, 7), (12, 7), (15, 7), (18, 7), (19, 7), (21, 7), (24, 7), (26, 7), (27, 7), (29, 7), (32, 7), (34, 7), (40, 7), (42, 7), (56, 7), (64, 7), (75, 7), (79, 7)]
2024-05-26 19:13:41,564 - DEBUG - Episode 8: Valid recipes for cuisine 1: [(22, 1), (62, 1)]
2024-05-26 19:13:41,564 - DEBUG - Episode 8: Selected recipes: [59, 110, 99, 59, 35, 2, 53, 118, 12, 62]
2024-05-26 19:13:41,564 - DEBUG - Episode 8: Valid cooks for cuisine 3: [(2, 3), (11, 3), (17, 3), (26, 3), (32, 3), (38, 3), (45, 3), (51, 3)]
2024-05-26 19:13:41,565 - DEBUG - Episode 8: Valid cooks for cuisine 17: [(9, 17), (18, 17), (24, 17), (34, 17)]
2024-05-26 19:13:41,565 - DEBUG - Episode 8: Valid cooks for cuisine 15: [(7, 15), (12, 15), (21, 15), (26, 15), (32, 15), (38, 15), (46, 15)]
2024-05-26 19:13:41,565 - DEBUG - Episode 8: Valid cooks for cuisine 3: [(2, 3), (11, 3), (17, 3), (26, 3), (32, 3), (38, 3), (45, 3), (51, 3)]
2024-05-26 19:13:41,565 - DEBUG - Episode 8: Valid cooks for cuisine 2: [(1, 2), (10, 2), (15, 2), (22, 2), (30, 2), (36, 2), (45, 2), (49, 2)]
2024-05-26 19:13:41,565 - DEBUG - Episode 8: Valid cooks for cuisine 4: [(7, 4), (13, 4), (20, 4), (25, 4), (31, 4), (40, 4), (48, 4)]
2024-05-26 19:13:41,566 - DEBUG - Episode 8: Valid cooks for cuisine 2: [(1, 2), (10, 2), (15, 2), (22, 2), (30, 2), (36, 2), (45, 2), (49, 2)]
2024-05-26 19:13:41,566 - DEBUG - Episode 8: Valid cooks for cuisine 19: [(3, 19), (6, 19), (14, 19), (27, 19), (30, 19), (35, 19), (42, 19)]
2024-05-26 19:13:41,566 - DEBUG - Episode 8: Valid cooks for cuisine 7: [(6, 7), (13, 7), (21, 7), (27, 7), (36, 7), (42, 7), (46, 7)]
2024-05-26 19:13:41,566 - DEBUG - Episode 8: Valid cooks for cuisine 1: [(3, 1), (6, 1), (12, 1), (19, 1), (23, 1), (31, 1), (34, 1), (43, 1)]
2024-05-26 19:13:41,566 - DEBUG - Episode 8: Selected cooks: [11, 18, 7, 17, 10, 20, 15, 30, 27, 31]
2024-05-26 19:13:41,577 - INFO - Episode 8 for season 2 created successfully.
2024-05-26 19:13:41,577 - DEBUG - Episode 9: Selected cuisines: [8, 3, 19, 7, 11, 7, 10, 8, 1, 12]
2024-05-26 19:13:41,578 - DEBUG - Episode 9: Valid recipes for cuisine 8: [(85, 8)]
2024-05-26 19:13:41,578 - DEBUG - Episode 9: Valid recipes for cuisine 3: [(59, 3), (81, 3)]
2024-05-26 19:13:41,579 - DEBUG - Episode 9: Valid recipes for cuisine 19: [(115, 19), (116, 19), (117, 19), (118, 19)]
2024-05-26 19:13:41,579 - DEBUG - Episode 9: Valid recipes for cuisine 7: [(5, 7), (9, 7), (12, 7), (15, 7), (18, 7), (19, 7), (21, 7), (24, 7), (26, 7), (27, 7), (29, 7), (32, 7), (34, 7), (40, 7), (42, 7), (56, 7), (64, 7), (75, 7), (79, 7)]
2024-05-26 19:13:41,579 - DEBUG - Episode 9: Valid recipes for cuisine 11: [(11, 11), (49, 11)]
2024-05-26 19:13:41,580 - DEBUG - Episode 9: Valid recipes for cuisine 7: [(5, 7), (9, 7), (12, 7), (15, 7), (18, 7), (19, 7), (21, 7), (24, 7), (26, 7), (27, 7), (29, 7), (32, 7), (34, 7), (40, 7), (42, 7), (56, 7), (64, 7), (75, 7), (79, 7)]
2024-05-26 19:13:41,580 - DEBUG - Episode 9: Valid recipes for cuisine 10: [(8, 10), (17, 10), (31, 10)]
2024-05-26 19:13:41,580 - DEBUG - Episode 9: Valid recipes for cuisine 8: [(85, 8)]
2024-05-26 19:13:41,581 - DEBUG - Episode 9: Valid recipes for cuisine 1: [(22, 1), (62, 1)]
2024-05-26 19:13:41,581 - DEBUG - Episode 9: Valid recipes for cuisine 12: [(87, 12), (88, 12), (89, 12), (90, 12)]
2024-05-26 19:13:41,581 - DEBUG - Episode 9: Selected recipes: [85, 81, 115, 27, 11, 56, 31, 85, 62, 87]
2024-05-26 19:13:41,581 - DEBUG - Episode 9: Valid cooks for cuisine 8: [(11, 8), (25, 8), (30, 8), (33, 8), (39, 8), (43, 8), (50, 8)]
2024-05-26 19:13:41,581 - DEBUG - Episode 9: Valid cooks for cuisine 3: [(2, 3), (11, 3), (17, 3), (26, 3), (32, 3), (38, 3), (45, 3), (51, 3)]
2024-05-26 19:13:41,582 - DEBUG - Episode 9: Valid cooks for cuisine 19: [(3, 19), (6, 19), (14, 19), (27, 19), (30, 19), (35, 19), (42, 19)]
2024-05-26 19:13:41,582 - DEBUG - Episode 9: Valid cooks for cuisine 7: [(6, 7), (13, 7), (21, 7), (27, 7), (36, 7), (42, 7), (46, 7)]
2024-05-26 19:13:41,582 - DEBUG - Episode 9: Valid cooks for cuisine 11: [(13, 11), (16, 11), (22, 11), (29, 11), (36, 11), (41, 11), (50, 11)]
2024-05-26 19:13:41,582 - DEBUG - Episode 9: Valid cooks for cuisine 7: [(6, 7), (13, 7), (21, 7), (27, 7), (36, 7), (42, 7), (46, 7)]
2024-05-26 19:13:41,583 - DEBUG - Episode 9: Valid cooks for cuisine 10: [(2, 10), (8, 10), (14, 10), (26, 10), (33, 10), (37, 10), (44, 10), (50, 10)]
2024-05-26 19:13:41,583 - DEBUG - Episode 9: Valid cooks for cuisine 8: [(11, 8), (25, 8), (30, 8), (33, 8), (39, 8), (43, 8), (50, 8)]
2024-05-26 19:13:41,583 - DEBUG - Episode 9: Valid cooks for cuisine 1: [(3, 1), (6, 1), (12, 1), (19, 1), (23, 1), (31, 1), (34, 1), (43, 1)]
2024-05-26 19:13:41,583 - DEBUG - Episode 9: Valid cooks for cuisine 12: [(4, 12), (8, 12), (19, 12), (25, 12), (32, 12), (40, 12), (44, 12)]
2024-05-26 19:13:41,583 - DEBUG - Episode 9: Selected cooks: [33, 51, 30, 13, 36, 13, 2, 43, 43, 44]
2024-05-26 19:13:41,589 - ERROR - Error while creating episode 9 for season 2: 1062 (23000): Duplicate entry '19-13' for key 'PRIMARY'
2024-05-26 19:13:41,589 - DEBUG - Episode 10: Selected cuisines: [2, 4, 11, 7, 15, 9, 2, 6, 10, 5]
2024-05-26 19:13:41,590 - DEBUG - Episode 10: Valid recipes for cuisine 2: [(6, 2), (13, 2), (20, 2), (35, 2), (37, 2), (39, 2), (43, 2), (47, 2), (53, 2), (57, 2), (58, 2), (63, 2), (68, 2), (71, 2), (72, 2), (83, 2)]
2024-05-26 19:13:41,590 - DEBUG - Episode 10: Valid recipes for cuisine 4: [(2, 4)]
2024-05-26 19:13:41,591 - DEBUG - Episode 10: Valid recipes for cuisine 11: [(11, 11), (49, 11)]
2024-05-26 19:13:41,591 - DEBUG - Episode 10: Valid recipes for cuisine 7: [(5, 7), (9, 7), (12, 7), (15, 7), (18, 7), (19, 7), (21, 7), (24, 7), (26, 7), (27, 7), (29, 7), (32, 7), (34, 7), (40, 7), (42, 7), (56, 7), (64, 7), (75, 7), (79, 7)]
2024-05-26 19:13:41,591 - DEBUG - Episode 10: Valid recipes for cuisine 15: [(99, 15), (100, 15), (101, 15), (102, 15)]
2024-05-26 19:13:41,592 - DEBUG - Episode 10: Valid recipes for cuisine 9: [(1, 9), (10, 9), (16, 9), (23, 9), (28, 9), (48, 9), (50, 9), (51, 9), (52, 9), (60, 9), (65, 9), (66, 9), (67, 9), (69, 9), (70, 9), (74, 9), (77, 9), (78, 9), (80, 9), (86, 9)]
2024-05-26 19:13:41,592 - DEBUG - Episode 10: Valid recipes for cuisine 2: [(6, 2), (13, 2), (20, 2), (35, 2), (37, 2), (39, 2), (43, 2), (47, 2), (53, 2), (57, 2), (58, 2), (63, 2), (68, 2), (71, 2), (72, 2), (83, 2)]
2024-05-26 19:13:41,592 - DEBUG - Episode 10: Valid recipes for cuisine 6: [(38, 6), (55, 6)]
2024-05-26 19:13:41,593 - DEBUG - Episode 10: Valid recipes for cuisine 10: [(8, 10), (17, 10), (31, 10)]
2024-05-26 19:13:41,593 - DEBUG - Episode 10: Valid recipes for cuisine 5: [(3, 5), (4, 5), (7, 5), (14, 5), (25, 5), (30, 5), (33, 5), (36, 5), (41, 5), (44, 5), (45, 5), (46, 5), (54, 5), (61, 5), (73, 5), (76, 5), (82, 5), (84, 5)]
2024-05-26 19:13:41,593 - DEBUG - Episode 10: Selected recipes: [83, 2, 11, 29, 100, 28, 72, 55, 17, 36]
2024-05-26 19:13:41,593 - DEBUG - Episode 10: Valid cooks for cuisine 2: [(1, 2), (10, 2), (15, 2), (22, 2), (30, 2), (36, 2), (45, 2), (49, 2)]
2024-05-26 19:13:41,594 - DEBUG - Episode 10: Valid cooks for cuisine 4: [(7, 4), (13, 4), (20, 4), (25, 4), (31, 4), (40, 4), (48, 4)]
2024-05-26 19:13:41,594 - DEBUG - Episode 10: Valid cooks for cuisine 11: [(13, 11), (16, 11), (22, 11), (29, 11), (36, 11), (41, 11), (50, 11)]
2024-05-26 19:13:41,594 - DEBUG - Episode 10: Valid cooks for cuisine 7: [(6, 7), (13, 7), (21, 7), (27, 7), (36, 7), (42, 7), (46, 7)]
2024-05-26 19:13:41,594 - DEBUG - Episode 10: Valid cooks for cuisine 15: [(7, 15), (12, 15), (21, 15), (26, 15), (32, 15), (38, 15), (46, 15)]
2024-05-26 19:13:41,595 - DEBUG - Episode 10: Valid cooks for cuisine 9: [(1, 9), (10, 9), (15, 9), (21, 9), (29, 9), (37, 9), (46, 9), (51, 9)]
2024-05-26 19:13:41,595 - DEBUG - Episode 10: Valid cooks for cuisine 2: [(1, 2), (10, 2), (15, 2), (22, 2), (30, 2), (36, 2), (45, 2), (49, 2)]
2024-05-26 19:13:41,596 - DEBUG - Episode 10: Valid cooks for cuisine 6: [(5, 6), (9, 6), (18, 6), (24, 6), (28, 6), (38, 6), (42, 6), (49, 6)]
2024-05-26 19:13:41,596 - DEBUG - Episode 10: Valid cooks for cuisine 10: [(2, 10), (8, 10), (14, 10), (26, 10), (33, 10), (37, 10), (44, 10), (50, 10)]
2024-05-26 19:13:41,596 - DEBUG - Episode 10: Valid cooks for cuisine 5: [(4, 5), (9, 5), (16, 5), (23, 5), (29, 5), (35, 5), (41, 5), (47, 5)]
2024-05-26 19:13:41,597 - DEBUG - Episode 10: Selected cooks: [1, 13, 36, 46, 38, 21, 36, 9, 26, 4]
2024-05-26 19:13:41,602 - ERROR - Error while creating episode 10 for season 2: 1062 (23000): Duplicate entry '20-36' for key 'PRIMARY'
